<?xml version="1.0" encoding="UTF-8"?>
<!-- Generated by org.testng.reporters.JUnitXMLReporter -->
<testsuite ignored="0" hostname="DESKTOP-DEE9V3N" failures="3" tests="4" name="Default test" time="55.411" errors="0" timestamp="2024-04-12T10:55:01 IST">
  <testcase classname="io.cucumber.testng.AbstractTestNGCucumberTests" name="runScenario" time="40.571">
    <failure type="org.openqa.selenium.ElementNotInteractableException" message="Element &amp;lt;a class=&amp;quot;nav-link&amp;quot; href=&amp;quot;#passwordSecurity&amp;quot;&amp;gt; could not be scrolled into view
Build info: version: &amp;apos;4.16.1&amp;apos;, revision: &amp;apos;9b4c83354e&amp;apos;
System info: os.name: &amp;apos;Windows 11&amp;apos;, os.arch: &amp;apos;amd64&amp;apos;, os.version: &amp;apos;10.0&amp;apos;, java.version: &amp;apos;17.0.7&amp;apos;
Driver info: org.openqa.selenium.firefox.FirefoxDriver
Command: [483823f3-a82d-4802-b883-5459418a8688, clickElement {id=c3a36705-01ff-4a87-a3e0-8d9a72ce6a98}]
Capabilities {acceptInsecureCerts: true, browserName: firefox, browserVersion: 124.0.2, moz:accessibilityChecks: false, moz:buildID: 20240401114208, moz:debuggerAddress: 127.0.0.1:44999, moz:geckodriverVersion: 0.34.0, moz:headless: false, moz:platformVersion: 10.0, moz:processID: 11128, moz:profile: C:\Users\Ashok\AppData\Loca..., moz:shutdownTimeout: 60000, moz:webdriverClick: true, moz:windowless: false, pageLoadStrategy: normal, platformName: windows, proxy: Proxy(), se:cdp: ws://127.0.0.1:44999/devtoo..., se:cdpVersion: 85.0, setWindowRect: true, strictFileInteractability: false, timeouts: {implicit: 0, pageLoad: 300000, script: 30000}, unhandledPromptBehavior: dismiss and notify}
Element: [[FirefoxDriver: firefox on windows (483823f3-a82d-4802-b883-5459418a8688)] -&amp;gt; xpath: //a[contains(text(),&amp;apos;Password &amp;amp; Security&amp;apos;)]]
Session ID: 483823f3-a82d-4802-b883-5459418a8688">
      <![CDATA[org.openqa.selenium.ElementNotInteractableException: Element <a class="nav-link" href="#passwordSecurity"> could not be scrolled into view
Build info: version: '4.16.1', revision: '9b4c83354e'
System info: os.name: 'Windows 11', os.arch: 'amd64', os.version: '10.0', java.version: '17.0.7'
Driver info: org.openqa.selenium.firefox.FirefoxDriver
Command: [483823f3-a82d-4802-b883-5459418a8688, clickElement {id=c3a36705-01ff-4a87-a3e0-8d9a72ce6a98}]
Capabilities {acceptInsecureCerts: true, browserName: firefox, browserVersion: 124.0.2, moz:accessibilityChecks: false, moz:buildID: 20240401114208, moz:debuggerAddress: 127.0.0.1:44999, moz:geckodriverVersion: 0.34.0, moz:headless: false, moz:platformVersion: 10.0, moz:processID: 11128, moz:profile: C:\Users\Ashok\AppData\Loca..., moz:shutdownTimeout: 60000, moz:webdriverClick: true, moz:windowless: false, pageLoadStrategy: normal, platformName: windows, proxy: Proxy(), se:cdp: ws://127.0.0.1:44999/devtoo..., se:cdpVersion: 85.0, setWindowRect: true, strictFileInteractability: false, timeouts: {implicit: 0, pageLoad: 300000, script: 30000}, unhandledPromptBehavior: dismiss and notify}
Element: [[FirefoxDriver: firefox on windows (483823f3-a82d-4802-b883-5459418a8688)] -> xpath: //a[contains(text(),'Password & Security')]]
Session ID: 483823f3-a82d-4802-b883-5459418a8688
at java.base/jdk.internal.reflect.NativeConstructorAccessorImpl.newInstance0(Native Method)
at java.base/jdk.internal.reflect.NativeConstructorAccessorImpl.newInstance(NativeConstructorAccessorImpl.java:77)
at java.base/jdk.internal.reflect.DelegatingConstructorAccessorImpl.newInstance(DelegatingConstructorAccessorImpl.java:45)
at java.base/java.lang.reflect.Constructor.newInstanceWithCaller(Constructor.java:499)
at java.base/java.lang.reflect.Constructor.newInstance(Constructor.java:480)
at org.openqa.selenium.remote.codec.w3c.W3CHttpResponseCodec.createException(W3CHttpResponseCodec.java:200)
at org.openqa.selenium.remote.codec.w3c.W3CHttpResponseCodec.decode(W3CHttpResponseCodec.java:133)
at org.openqa.selenium.remote.codec.w3c.W3CHttpResponseCodec.decode(W3CHttpResponseCodec.java:52)
at org.openqa.selenium.remote.HttpCommandExecutor.execute(HttpCommandExecutor.java:191)
at org.openqa.selenium.remote.service.DriverCommandExecutor.invokeExecute(DriverCommandExecutor.java:200)
at org.openqa.selenium.remote.service.DriverCommandExecutor.execute(DriverCommandExecutor.java:175)
at org.openqa.selenium.remote.RemoteWebDriver.execute(RemoteWebDriver.java:523)
at org.openqa.selenium.remote.RemoteWebElement.execute(RemoteWebElement.java:224)
at org.openqa.selenium.remote.RemoteWebElement.click(RemoteWebElement.java:77)
at com.Pages.accountmenupage.password(accountmenupage.java:114)
at parallel.AccountmenuSteps.user_clicks_on_password(AccountmenuSteps.java:38)
at ✽.user clicks on Password(file:///C:/Users/Ashok/eclipse-workspace/FamilyCentral_ProdCucumber/src/test/resources/AllRunFeatures/AccountMenu.feature:15)
]]>
    </failure>
  </testcase> <!-- runScenario -->
  <testcase classname="io.cucumber.testng.AbstractTestNGCucumberTests" name="runScenario" time="0.212">
    <failure type="java.lang.NullPointerException" message="Cannot invoke &amp;quot;com.Pages.AccountsPage.getAccountsPageTitle()&amp;quot; because &amp;quot;this.accountspage&amp;quot; is null">
      <![CDATA[java.lang.NullPointerException: Cannot invoke "com.Pages.AccountsPage.getAccountsPageTitle()" because "this.accountspage" is null
at parallel.AccountsPageSteps.user_is_on_accounts_page(AccountsPageSteps.java:48)
at ✽.User is on Accounts page(file:///C:/Users/Ashok/eclipse-workspace/FamilyCentral_ProdCucumber/src/test/resources/AllRunFeatures/AccountPage.feature:12)
]]>
    </failure>
  </testcase> <!-- runScenario -->
  <testcase classname="io.cucumber.testng.AbstractTestNGCucumberTests" name="runScenario" time="0.516">
    <failure type="java.lang.NullPointerException" message="Cannot invoke &amp;quot;com.Pages.AccountsPage.getAccountsSectionsList()&amp;quot; because &amp;quot;this.accountspage&amp;quot; is null">
      <![CDATA[java.lang.NullPointerException: Cannot invoke "com.Pages.AccountsPage.getAccountsSectionsList()" because "this.accountspage" is null
at parallel.AccountsPageSteps.user_gets_account_section(AccountsPageSteps.java:59)
at ✽.user gets account section(file:///C:/Users/Ashok/eclipse-workspace/FamilyCentral_ProdCucumber/src/test/resources/AllRunFeatures/AccountPage.feature:25)
]]>
    </failure>
  </testcase> <!-- runScenario -->
  <testcase classname="io.cucumber.testng.AbstractTestNGCucumberTests" name="runScenario" time="7.265"/>
</testsuite> <!-- Default test -->
