<?xml version="1.0" encoding="UTF-8"?>
<testsuite xmlns:xsi="http://www.w3.org/2001/XMLSchema-instance" xsi:noNamespaceSchemaLocation="https://maven.apache.org/surefire/maven-surefire-plugin/xsd/surefire-test-report-3.0.xsd" version="3.0" name="TestSuite" time="204.907" tests="10" errors="0" skipped="0" failures="8">
  <properties>
[...]
</properties>
  <testcase name="setUp" classname="testRunners.MyTestRunner" time="1.122">
    <failure message="&#10;Parameter &apos;browser&apos; is required by BeforeClass on method setUp but has not been marked @Optional or defined&#10;" type="org.testng.TestNGException"><![CDATA[org.testng.TestNGException: 

Parameter 'browser' is required by BeforeClass on method setUp but has not been marked @Optional or defined

	at org.testng.internal.Parameters.createParams(Parameters.java:267)
	at org.testng.internal.Parameters.createParametersForMethod(Parameters.java:355)
	at org.testng.internal.Parameters.createParameters(Parameters.java:684)
	at org.testng.internal.Parameters.createConfigurationParameters(Parameters.java:166)
	at org.testng.internal.invokers.ConfigInvoker.invokeConfigurations(ConfigInvoker.java:306)
	at org.testng.internal.invokers.TestMethodWorker.invokeBeforeClassMethods(TestMethodWorker.java:180)
	at org.testng.internal.invokers.TestMethodWorker.run(TestMethodWorker.java:122)
	at java.base/java.util.concurrent.ThreadPoolExecutor.runWorker(ThreadPoolExecutor.java:1128)
	at java.base/java.util.concurrent.ThreadPoolExecutor$Worker.run(ThreadPoolExecutor.java:628)
	at java.base/java.lang.Thread.run(Thread.java:834)
]]></failure>
    <system-err><![CDATA[[main] WARN org.testng.internal.Configuration - Detected a static method [testRunners.ParallelRunTest.setUp()]. Static configuration methods can cause  unexpected behavior.
]]></system-err>
  </testcase>
  <testcase name="runScenario[&quot;Uploading a file using Add option under Photos videos&quot;, &quot;Upload a file functionality into Photos and Videos&quot;](1)" classname="testRunners.ParallelRunTest" time="31.53">
    <system-out><![CDATA[
@feature @pdf
Scenario: Add a Custom Folder and Upload PDF Files of Small, Medium and Large init &amp#27;[90m# src/test/resources/parallel/AddCustomFolder.feature:10&amp#27;[0m

@feature @run-together @Ashok @login
Scenario: Uploading a file using Add option under Photos videos &amp#27;[90m# src/test/resources/features/FileUploadTypes_PhotosVideos.feature:6&amp#27;[0m
browser value is :chrome
browser value is :chrome
Login with: ashokmarch12@yopmail.com and Password@123
Login with: ashokmarch12@yopmail.com and Password@123
  &amp#27;[32mGiven &amp#27;[0m&amp#27;[32mUser is already logged in to application&amp#27;[0m                &amp#27;[90m# parallel.AccountsPageSteps.user_is_already_logged_in_to_application(io.cucumber.datatable.DataTable)&amp#27;[0m
    | username                 | password     |
    | ashokmarch12@yopmail.com | Password@123 |
  &amp#27;[32mGiven &amp#27;[0m&amp#27;[32mUser is on Home page&amp#27;[0m                                    &amp#27;[90m# parallel.FileUpload_PhotosVideosSteps.user_is_on_home_page()&amp#27;[0m
>>>Feature: Upload a file functionality into Photos and Videos
  &amp#27;[32mGiven &amp#27;[0m&amp#27;[32mUser is already logged in to application&amp#27;[0m                                   &amp#27;[90m# parallel.AccountsPageSteps.user_is_already_logged_in_to_application(io.cucumber.datatable.DataTable)&amp#27;[0m
    | username                 | password     |
    | ashokmarch12@yopmail.com | Password@123 |
Feature: File Management Feature
  &amp#27;[32mWhen &amp#27;[0m&amp#27;[32mUser clicks on Photos and Videos Section&amp#27;[0m                 &amp#27;[90m# parallel.FileUpload_PhotosVideosSteps.user_clicks_on_photos_and_videos_section()&amp#27;[0m
  &amp#27;[32mAnd &amp#27;[0m&amp#27;[32mUser clicks on Family Member&amp#27;[0m                              &amp#27;[90m# parallel.FileUpload_PhotosVideosSteps.User_clicks_on_Family_Member()&amp#27;[0m
  &amp#27;[32mAnd &amp#27;[0m&amp#27;[32mUser clicks on Add button&amp#27;[0m                                 &amp#27;[90m# parallel.FileUpload_PhotosVideosSteps.user_clicks_on_add_button()&amp#27;[0m
  &amp#27;[32mWhen &amp#27;[0m&amp#27;[32mUser uploads a file from the device&amp#27;[0m                      &amp#27;[90m# parallel.FileUpload_PhotosVideosSteps.user_uploads_a_file_from_the_device()&amp#27;[0m
  &amp#27;[32mGiven &amp#27;[0m&amp#27;[32mthe User clicks on Family Access Files&amp#27;[0m                                     &amp#27;[90m# parallel.AddCustomFolderSteps.the_user_clicks_on_family_access_files()&amp#27;[0m
  &amp#27;[32mWhen &amp#27;[0m&amp#27;[32mthe User clicks on Add Folder&amp#27;[0m                                               &amp#27;[90m# parallel.AddCustomFolderSteps.the_user_clicks_on_add_folder()&amp#27;[0m
  &amp#27;[32mAnd &amp#27;[0m&amp#27;[32mthe User enters the folder name into Folder name field&amp#27;[0m                       &amp#27;[90m# parallel.AddCustomFolderSteps.the_user_enters_the_folder_name_as_into()&amp#27;[0m
  &amp#27;[32mAnd &amp#27;[0m&amp#27;[32mthe User clicks on the Add button&amp#27;[0m                                            &amp#27;[90m# parallel.AddCustomFolderSteps.the_user_clicks_on_the_button()&amp#27;[0m
  &amp#27;[32mThen &amp#27;[0m&amp#27;[32mthe User should see a success popup with the message &amp#27;[0m&amp#27;[32m&amp#27;[1m"added successfully"&amp#27;[0m   &amp#27;[90m# parallel.AddCustomFolderSteps.the_user_should_see_a_success_popup_with_the_message(java.lang.String)&amp#27;[0m
  &amp#27;[32mAnd &amp#27;[0m&amp#27;[32mthe User clicks on close user guide&amp#27;[0m                                          &amp#27;[90m# parallel.AddCustomFolderSteps.the_user_clicks_on_close_user_guide()&amp#27;[0m
>> Added Folder Name : [[ChromeDriver: chrome on windows (be26f74963af38ce559464d8fdc2a6ac)] -> xpath: //p[@class='mb-0 file_length' and text()='9S4a6I_Ashok']]
  &amp#27;[32mAnd &amp#27;[0m&amp#27;[32mthe User verifies the added custom folder&amp#27;[0m                                    &amp#27;[90m# parallel.AddCustomFolderSteps.the_user_verifies_the_added_custom_folder()&amp#27;[0m
  &amp#27;[32mAnd &amp#27;[0m&amp#27;[32mthe User clicks and opens the folder&amp#27;[0m                                         &amp#27;[90m# parallel.AddCustomFolderSteps.the_user_clicks_and_opens_the_folder()&amp#27;[0m
  &amp#27;[32mThen &amp#27;[0m&amp#27;[32mUser should see the Uploaded Successfully Toast Message&amp#27;[0m  &amp#27;[90m# parallel.FileUpload_PhotosVideosSteps.user_should_see_the_uploaded_successfully_toast_message()&amp#27;[0m
]]></system-out>
    <system-err><![CDATA[[TestNG-test=Surefire test-2] WARN org.testng.internal.Utils - The test method 'io.cucumber.testng.AbstractTestNGCucumberTests.runScenario' will be skipped since its data provider 'scenarios' returned an empty array or iterator. 
[TestNG-test=Surefire test-3] WARN org.testng.internal.Utils - The test method 'testRunners.MyTestRunner.runCucumberTest' will be skipped since its data provider 'scenarios' returned an empty array or iterator. 
&amp#27;[32m&amp#27;[1m┌───────────────────────────────────────────────────────────────────────────────────┐&amp#27;[0m
&amp#27;[32m&amp#27;[1m│&amp#27;[0m Share your Cucumber Report with your team at &amp#27;[36m&amp#27;[1m&amp#27;[4mhttps://reports.cucumber.io&amp#27;[0m          &amp#27;[32m&amp#27;[1m│&amp#27;[0m
&amp#27;[32m&amp#27;[1m│&amp#27;[0m Activate publishing with one of the following:                                    &amp#27;[32m&amp#27;[1m│&amp#27;[0m
&amp#27;[32m&amp#27;[1m│&amp#27;[0m                                                                                   &amp#27;[32m&amp#27;[1m│&amp#27;[0m
&amp#27;[32m&amp#27;[1m│&amp#27;[0m src/test/resources/cucumber.properties:          &amp#27;[36mcucumber.publish.enabled&amp#27;[0m=&amp#27;[36mtrue&amp#27;[0m    &amp#27;[32m&amp#27;[1m│&amp#27;[0m
&amp#27;[32m&amp#27;[1m│&amp#27;[0m src/test/resources/junit-platform.properties:    &amp#27;[36mcucumber.publish.enabled&amp#27;[0m=&amp#27;[36mtrue&amp#27;[0m    &amp#27;[32m&amp#27;[1m│&amp#27;[0m
&amp#27;[32m&amp#27;[1m│&amp#27;[0m Environment variable:                            &amp#27;[36mCUCUMBER_PUBLISH_ENABLED&amp#27;[0m=&amp#27;[36mtrue&amp#27;[0m    &amp#27;[32m&amp#27;[1m│&amp#27;[0m
&amp#27;[32m&amp#27;[1m│&amp#27;[0m JUnit:                                           &amp#27;[36m@CucumberOptions&amp#27;[0m(publish = &amp#27;[36mtrue&amp#27;[0m) &amp#27;[32m&amp#27;[1m│&amp#27;[0m
&amp#27;[32m&amp#27;[1m│&amp#27;[0m                                                                                   &amp#27;[32m&amp#27;[1m│&amp#27;[0m
&amp#27;[32m&amp#27;[1m│&amp#27;[0m More information at &amp#27;[36mhttps://cucumber.io/docs/cucumber/environment-variables/&amp#27;[0m      &amp#27;[32m&amp#27;[1m│&amp#27;[0m
&amp#27;[32m&amp#27;[1m│&amp#27;[0m                                                                                   &amp#27;[32m&amp#27;[1m│&amp#27;[0m
&amp#27;[32m&amp#27;[1m│&amp#27;[0m Disable this message with one of the following:                                   &amp#27;[32m&amp#27;[1m│&amp#27;[0m
&amp#27;[32m&amp#27;[1m│&amp#27;[0m                                                                                   &amp#27;[32m&amp#27;[1m│&amp#27;[0m
&amp#27;[32m&amp#27;[1m│&amp#27;[0m src/test/resources/cucumber.properties:          &amp#27;[36mcucumber.publish.quiet&amp#27;[0m=&amp#27;[36mtrue&amp#27;[0m      &amp#27;[32m&amp#27;[1m│&amp#27;[0m
&amp#27;[32m&amp#27;[1m│&amp#27;[0m src/test/resources/junit-platform.properties:    &amp#27;[36mcucumber.publish.quiet&amp#27;[0m=&amp#27;[36mtrue&amp#27;[0m      &amp#27;[32m&amp#27;[1m│&amp#27;[0m
&amp#27;[32m&amp#27;[1m└───────────────────────────────────────────────────────────────────────────────────┘&amp#27;[0m
Mar 22, 2024 5:17:17 PM org.openqa.selenium.devtools.CdpVersionFinder findNearestMatch
WARNING: Unable to find an exact match for CDP version 123, returning the closest version; found: 120; Please update to a Selenium version that supports CDP version 123
Mar 22, 2024 5:17:19 PM org.openqa.selenium.devtools.CdpVersionFinder findNearestMatch
WARNING: Unable to find an exact match for CDP version 123, returning the closest version; found: 120; Please update to a Selenium version that supports CDP version 123
]]></system-err>
  </testcase>
  <testcase name="runScenario[&quot;Login with valid credentials&quot;, &quot;login page feature&quot;](2)" classname="testRunners.ParallelRunTest" time="8.379">
    <failure message="Expected condition failed: waiting for element to be clickable: By.xpath: //input[@id=&apos;login-email&apos;] (tried for 20 second(s) with 500 milliseconds interval)&#10;Build info: version: &apos;4.16.1&apos;, revision: &apos;9b4c83354e&apos;&#10;System info: os.name: &apos;Windows 11&apos;, os.arch: &apos;amd64&apos;, os.version: &apos;10.0&apos;, java.version: &apos;11.0.20&apos;&#10;Driver info: org.openqa.selenium.chrome.ChromeDriver&#10;Capabilities {acceptInsecureCerts: false, browserName: chrome, browserVersion: 123.0.6312.58, chrome: {chromedriverVersion: 123.0.6312.58 (6b4b19e9dfbb..., userDataDir: C:\Users\Ashok\AppData\Loca...}, fedcm:accounts: true, goog:chromeOptions: {debuggerAddress: localhost:55184}, networkConnectionEnabled: false, pageLoadStrategy: normal, platformName: windows, proxy: Proxy(), se:cdp: ws://localhost:55184/devtoo..., se:cdpVersion: 123.0.6312.58, setWindowRect: true, strictFileInteractability: false, timeouts: {implicit: 0, pageLoad: 300000, script: 30000}, unhandledPromptBehavior: dismiss and notify, webauthn:extension:credBlob: true, webauthn:extension:largeBlob: true, webauthn:extension:minPinLength: true, webauthn:extension:prf: true, webauthn:virtualAuthenticators: true}&#10;Session ID: ff4851c87b9626abd4d7c1b4c6acebd1" type="org.openqa.selenium.TimeoutException"><![CDATA[org.openqa.selenium.TimeoutException: 
Expected condition failed: waiting for element to be clickable: By.xpath: //input[@id='login-email'] (tried for 20 second(s) with 500 milliseconds interval)
Build info: version: '4.16.1', revision: '9b4c83354e'
System info: os.name: 'Windows 11', os.arch: 'amd64', os.version: '10.0', java.version: '11.0.20'
Driver info: org.openqa.selenium.chrome.ChromeDriver
Capabilities {acceptInsecureCerts: false, browserName: chrome, browserVersion: 123.0.6312.58, chrome: {chromedriverVersion: 123.0.6312.58 (6b4b19e9dfbb..., userDataDir: C:\Users\Ashok\AppData\Loca...}, fedcm:accounts: true, goog:chromeOptions: {debuggerAddress: localhost:55184}, networkConnectionEnabled: false, pageLoadStrategy: normal, platformName: windows, proxy: Proxy(), se:cdp: ws://localhost:55184/devtoo..., se:cdpVersion: 123.0.6312.58, setWindowRect: true, strictFileInteractability: false, timeouts: {implicit: 0, pageLoad: 300000, script: 30000}, unhandledPromptBehavior: dismiss and notify, webauthn:extension:credBlob: true, webauthn:extension:largeBlob: true, webauthn:extension:minPinLength: true, webauthn:extension:prf: true, webauthn:virtualAuthenticators: true}
Session ID: ff4851c87b9626abd4d7c1b4c6acebd1
	at org.openqa.selenium.support.ui.WebDriverWait.timeoutException(WebDriverWait.java:84)
	at org.openqa.selenium.support.ui.FluentWait.until(FluentWait.java:229)
	at com.qa.Utils.WebDriverWaits.waitForElementToBeClickable(WebDriverWaits.java:37)
	at com.Pages.LoginPage.enteremailaddress(LoginPage.java:53)
	at parallel.LoginPageSteps.user_enters_username_as_into_email_field(LoginPageSteps.java:64)
	at ✽.user enters username as "ashokmarch12@yopmail.com" into email field(file:///C:/Users/Ashok/eclipse-workspace/FamilyCentral_ProdCucumber/src/test/resources/features/LoginPage.feature:17)
]]></failure>
    <system-out><![CDATA[
@feature @docx
Scenario: Add a Custom Folder and Upload DOCX Files of Small, Medium and Large init &amp#27;[90m# src/test/resources/parallel/AddCustomFolder.feature:23&amp#27;[0m
Login with: ashokmarch12@yopmail.com and Password@123
  &amp#27;[31mWhen &amp#27;[0m&amp#27;[31muser enters username as &amp#27;[0m&amp#27;[31m&amp#27;[1m"ashokmarch12@yopmail.com"&amp#27;[0m&amp#27;[31m into email field&amp#27;[0m &amp#27;[90m# parallel.LoginPageSteps.user_enters_username_as_into_email_field(java.lang.String)&amp#27;[0m
      &amp#27;[31morg.openqa.selenium.TimeoutException: Expected condition failed: waiting for element to be clickable: By.xpath: //input[@id='login-email'] (tried for 20 second(s) with 500 milliseconds interval)
Build info: version: '4.16.1', revision: '9b4c83354e'
System info: os.name: 'Windows 11', os.arch: 'amd64', os.version: '10.0', java.version: '11.0.20'
Driver info: org.openqa.selenium.chrome.ChromeDriver
Capabilities {acceptInsecureCerts: false, browserName: chrome, browserVersion: 123.0.6312.58, chrome: {chromedriverVersion: 123.0.6312.58 (6b4b19e9dfbb..., userDataDir: C:\Users\Ashok\AppData\Loca...}, fedcm:accounts: true, goog:chromeOptions: {debuggerAddress: localhost:55184}, networkConnectionEnabled: false, pageLoadStrategy: normal, platformName: windows, proxy: Proxy(), se:cdp: ws://localhost:55184/devtoo..., se:cdpVersion: 123.0.6312.58, setWindowRect: true, strictFileInteractability: false, timeouts: {implicit: 0, pageLoad: 300000, script: 30000}, unhandledPromptBehavior: dismiss and notify, webauthn:extension:credBlob: true, webauthn:extension:largeBlob: true, webauthn:extension:minPinLength: true, webauthn:extension:prf: true, webauthn:virtualAuthenticators: true}
Session ID: ff4851c87b9626abd4d7c1b4c6acebd1
	at org.openqa.selenium.support.ui.WebDriverWait.timeoutException(WebDriverWait.java:84)
	at org.openqa.selenium.support.ui.FluentWait.until(FluentWait.java:229)
	at com.qa.Utils.WebDriverWaits.waitForElementToBeClickable(WebDriverWaits.java:37)
	at com.Pages.LoginPage.enteremailaddress(LoginPage.java:53)
	at parallel.LoginPageSteps.user_enters_username_as_into_email_field(LoginPageSteps.java:64)
	at âœ½.user enters username as "ashokmarch12@yopmail.com" into email field(file:///C:/Users/Ashok/eclipse-workspace/FamilyCentral_ProdCucumber/src/test/resources/features/LoginPage.feature:17)
&amp#27;[0m
  &amp#27;[36mAnd &amp#27;[0m&amp#27;[36muser enters password as &amp#27;[0m&amp#27;[36m&amp#27;[1m"Password@123"&amp#27;[0m&amp#27;[36m into password field&amp#27;[0m           &amp#27;[90m# parallel.LoginPageSteps.user_enters_password_as_into_password_field(java.lang.String)&amp#27;[0m
  &amp#27;[36mAnd &amp#27;[0m&amp#27;[36muser clicks on login button&amp#27;[0m                                          &amp#27;[90m# parallel.LoginPageSteps.user_clicks_on_login_button()&amp#27;[0m
  &amp#27;[36mThen &amp#27;[0m&amp#27;[36muser gets the family central page&amp#27;[0m                                   &amp#27;[90m# parallel.LoginPageSteps.user_gets_the_family_central_page()&amp#27;[0m
  &amp#27;[36mAnd &amp#27;[0m&amp#27;[36mpage title should be &amp#27;[0m&amp#27;[36m&amp#27;[1m"https://www.familycentral.com"&amp#27;[0m                 &amp#27;[90m# parallel.LoginPageSteps.page_title_should_be(java.lang.String)&amp#27;[0m

    Embedding _L_o_g_i_n_ _w_i_t_h_ _v_a_l_i_d_ _c_r_e_d_e_n_t_i_a_l_s_ [image/png 226411 bytes]

]]></system-out>
  </testcase>
  <testcase name="runScenario[&quot;Add a Custom Folder and Upload PDF Files of Small, Medium and Large init&quot;, &quot;File Management Feature&quot;](1)" classname="testRunners.FeatureRunner" time="18.998">
    <system-out><![CDATA[
@login
Scenario: Login with valid credentials                                     &amp#27;[90m# src/test/resources/features/LoginPage.feature:11&amp#27;[0m
>>>Feature: login page feature
  &amp#27;[32mGiven &amp#27;[0m&amp#27;[32muser is on landing page&amp#27;[0m                                            &amp#27;[90m# parallel.LoginPageSteps.user_is_on_landing_page()&amp#27;[0m
file uploaded success message : Uploaded successfully
IsUploadedSuccess Displayed:
  &amp#27;[32mWhen &amp#27;[0m&amp#27;[32muser clicks on LandingPageLogin&amp#27;[0m                                     &amp#27;[90m# parallel.LoginPageSteps.user_clicks_on_landing_page_login()&amp#27;[0m
  &amp#27;[32mAnd &amp#27;[0m&amp#27;[32muser clicks on login option of families&amp#27;[0m                              &amp#27;[90m# parallel.LoginPageSteps.user_clicks_on_login_option_of_families()&amp#27;[0m
user navigate to login page
  &amp#27;[32mThen &amp#27;[0m&amp#27;[32muser should navigate to login page&amp#27;[0m                                  &amp#27;[90m# parallel.LoginPageSteps.user_should_navigate_to_login_page()&amp#27;[0m
file uploaded success message : Uploaded successfully
IsUploadedSuccess Displayed:
file uploaded success message : Uploaded successfully
IsUploadedSuccess Displayed:
  &amp#27;[32mAnd &amp#27;[0m&amp#27;[32mUser uploads PDF file into the that specific folder&amp#27;[0m                          &amp#27;[90m# parallel.AddCustomFolderSteps.user_uploads_PDF_into_the_that_specific_folder()&amp#27;[0m
]]></system-out>
  </testcase>
  <testcase name="runScenario[&quot;Add a Custom Folder and Upload DOCX Files of Small, Medium and Large init&quot;, &quot;File Management Feature&quot;](2)" classname="testRunners.FeatureRunner" time="25.277">
    <failure message="Expected condition failed: waiting for element to be clickable: By.xpath: //input[@id=&apos;login-email&apos;] (tried for 20 second(s) with 500 milliseconds interval)&#10;Build info: version: &apos;4.16.1&apos;, revision: &apos;9b4c83354e&apos;&#10;System info: os.name: &apos;Windows 11&apos;, os.arch: &apos;amd64&apos;, os.version: &apos;10.0&apos;, java.version: &apos;11.0.20&apos;&#10;Driver info: org.openqa.selenium.chrome.ChromeDriver&#10;Capabilities {acceptInsecureCerts: false, browserName: chrome, browserVersion: 123.0.6312.58, chrome: {chromedriverVersion: 123.0.6312.58 (6b4b19e9dfbb..., userDataDir: C:\Users\Ashok\AppData\Loca...}, fedcm:accounts: true, goog:chromeOptions: {debuggerAddress: localhost:55201}, networkConnectionEnabled: false, pageLoadStrategy: normal, platformName: windows, proxy: Proxy(), se:cdp: ws://localhost:55201/devtoo..., se:cdpVersion: 123.0.6312.58, setWindowRect: true, strictFileInteractability: false, timeouts: {implicit: 0, pageLoad: 300000, script: 30000}, unhandledPromptBehavior: dismiss and notify, webauthn:extension:credBlob: true, webauthn:extension:largeBlob: true, webauthn:extension:minPinLength: true, webauthn:extension:prf: true, webauthn:virtualAuthenticators: true}&#10;Session ID: be26f74963af38ce559464d8fdc2a6ac" type="org.openqa.selenium.TimeoutException"><![CDATA[org.openqa.selenium.TimeoutException: 
Expected condition failed: waiting for element to be clickable: By.xpath: //input[@id='login-email'] (tried for 20 second(s) with 500 milliseconds interval)
Build info: version: '4.16.1', revision: '9b4c83354e'
System info: os.name: 'Windows 11', os.arch: 'amd64', os.version: '10.0', java.version: '11.0.20'
Driver info: org.openqa.selenium.chrome.ChromeDriver
Capabilities {acceptInsecureCerts: false, browserName: chrome, browserVersion: 123.0.6312.58, chrome: {chromedriverVersion: 123.0.6312.58 (6b4b19e9dfbb..., userDataDir: C:\Users\Ashok\AppData\Loca...}, fedcm:accounts: true, goog:chromeOptions: {debuggerAddress: localhost:55201}, networkConnectionEnabled: false, pageLoadStrategy: normal, platformName: windows, proxy: Proxy(), se:cdp: ws://localhost:55201/devtoo..., se:cdpVersion: 123.0.6312.58, setWindowRect: true, strictFileInteractability: false, timeouts: {implicit: 0, pageLoad: 300000, script: 30000}, unhandledPromptBehavior: dismiss and notify, webauthn:extension:credBlob: true, webauthn:extension:largeBlob: true, webauthn:extension:minPinLength: true, webauthn:extension:prf: true, webauthn:virtualAuthenticators: true}
Session ID: be26f74963af38ce559464d8fdc2a6ac
	at org.openqa.selenium.support.ui.WebDriverWait.timeoutException(WebDriverWait.java:84)
	at org.openqa.selenium.support.ui.FluentWait.until(FluentWait.java:229)
	at com.qa.Utils.WebDriverWaits.waitForElementToBeClickable(WebDriverWaits.java:37)
	at com.Pages.LoginPage.doLogin(LoginPage.java:78)
	at parallel.AccountsPageSteps.user_is_already_logged_in_to_application(AccountsPageSteps.java:39)
	at ✽.User is already logged in to application(file:///C:/Users/Ashok/eclipse-workspace/FamilyCentral_ProdCucumber/src/test/resources/parallel/AddCustomFolder.feature:5)
]]></failure>
    <system-out><![CDATA[  &amp#27;[31mGiven &amp#27;[0m&amp#27;[31mUser is already logged in to application&amp#27;[0m                                    &amp#27;[90m# parallel.AccountsPageSteps.user_is_already_logged_in_to_application(io.cucumber.datatable.DataTable)&amp#27;[0m
    | username                 | password     |
    | ashokmarch12@yopmail.com | Password@123 |
      &amp#27;[31morg.openqa.selenium.TimeoutException: Expected condition failed: waiting for element to be clickable: By.xpath: //input[@id='login-email'] (tried for 20 second(s) with 500 milliseconds interval)
Build info: version: '4.16.1', revision: '9b4c83354e'
System info: os.name: 'Windows 11', os.arch: 'amd64', os.version: '10.0', java.version: '11.0.20'
Driver info: org.openqa.selenium.chrome.ChromeDriver
Capabilities {acceptInsecureCerts: false, browserName: chrome, browserVersion: 123.0.6312.58, chrome: {chromedriverVersion: 123.0.6312.58 (6b4b19e9dfbb..., userDataDir: C:\Users\Ashok\AppData\Loca...}, fedcm:accounts: true, goog:chromeOptions: {debuggerAddress: localhost:55201}, networkConnectionEnabled: false, pageLoadStrategy: normal, platformName: windows, proxy: Proxy(), se:cdp: ws://localhost:55201/devtoo..., se:cdpVersion: 123.0.6312.58, setWindowRect: true, strictFileInteractability: false, timeouts: {implicit: 0, pageLoad: 300000, script: 30000}, unhandledPromptBehavior: dismiss and notify, webauthn:extension:credBlob: true, webauthn:extension:largeBlob: true, webauthn:extension:minPinLength: true, webauthn:extension:prf: true, webauthn:virtualAuthenticators: true}
Session ID: be26f74963af38ce559464d8fdc2a6ac
	at org.openqa.selenium.support.ui.WebDriverWait.timeoutException(WebDriverWait.java:84)
	at org.openqa.selenium.support.ui.FluentWait.until(FluentWait.java:229)
	at com.qa.Utils.WebDriverWaits.waitForElementToBeClickable(WebDriverWaits.java:37)
	at com.Pages.LoginPage.doLogin(LoginPage.java:78)
	at parallel.AccountsPageSteps.user_is_already_logged_in_to_application(AccountsPageSteps.java:39)
	at âœ½.User is already logged in to application(file:///C:/Users/Ashok/eclipse-workspace/FamilyCentral_ProdCucumber/src/test/resources/parallel/AddCustomFolder.feature:5)
&amp#27;[0m
  &amp#27;[36mGiven &amp#27;[0m&amp#27;[36mthe User clicks on Family Access Files&amp#27;[0m                                      &amp#27;[90m# parallel.AddCustomFolderSteps.the_user_clicks_on_family_access_files()&amp#27;[0m
  &amp#27;[36mWhen &amp#27;[0m&amp#27;[36mthe User clicks on Add Folder&amp#27;[0m                                                &amp#27;[90m# parallel.AddCustomFolderSteps.the_user_clicks_on_add_folder()&amp#27;[0m
  &amp#27;[36mAnd &amp#27;[0m&amp#27;[36mthe User enters the folder name into Folder name field&amp#27;[0m                        &amp#27;[90m# parallel.AddCustomFolderSteps.the_user_enters_the_folder_name_as_into()&amp#27;[0m
  &amp#27;[36mAnd &amp#27;[0m&amp#27;[36mthe User clicks on the Add button&amp#27;[0m                                             &amp#27;[90m# parallel.AddCustomFolderSteps.the_user_clicks_on_the_button()&amp#27;[0m
  &amp#27;[36mThen &amp#27;[0m&amp#27;[36mthe User should see a success popup with the message &amp#27;[0m&amp#27;[36m&amp#27;[1m"added successfully"&amp#27;[0m    &amp#27;[90m# parallel.AddCustomFolderSteps.the_user_should_see_a_success_popup_with_the_message(java.lang.String)&amp#27;[0m
  &amp#27;[36mAnd &amp#27;[0m&amp#27;[36mthe User clicks on close user guide&amp#27;[0m                                           &amp#27;[90m# parallel.AddCustomFolderSteps.the_user_clicks_on_close_user_guide()&amp#27;[0m
  &amp#27;[36mAnd &amp#27;[0m&amp#27;[36mthe User verifies the added custom folder&amp#27;[0m                                     &amp#27;[90m# parallel.AddCustomFolderSteps.the_user_verifies_the_added_custom_folder()&amp#27;[0m
  &amp#27;[36mAnd &amp#27;[0m&amp#27;[36mthe User clicks and opens the folder&amp#27;[0m                                          &amp#27;[90m# parallel.AddCustomFolderSteps.the_user_clicks_and_opens_the_folder()&amp#27;[0m
  &amp#27;[36mAnd &amp#27;[0m&amp#27;[36mUser uploads DOCX file into the that specific folder&amp#27;[0m                          &amp#27;[90m# parallel.AddCustomFolderSteps.user_uploads_DOCX_into_the_that_specific_folder()&amp#27;[0m

    Embedding _A_d_d_ _a_ _C_u_s_t_o_m_ _F_o_l_d_e_r_ _a_n_d_ _U_p_l_o_a_d_ _D_O_C_X_ _F_i_l_e_s_ _o_f_ _S_m_a_l_l_,_ _M_e_d_i_u_m_ _a_n_d_ _L_a_r_g_e_ _i_n_i_t_ [image/png 226411 bytes]

]]></system-out>
    <system-err><![CDATA[Mar 22, 2024 5:18:15 PM tech.grasshopper.pdf.PDFCucumberReport collectReportConfiguration
INFO: PDF report configuration YAML file not found. Using default settings.
&amp#27;[32m&amp#27;[1m┌──────────────────────────────────────────────────────────────────────────┐&amp#27;[0m
&amp#27;[32m&amp#27;[1m│&amp#27;[0m View your Cucumber Report at:                                            &amp#27;[32m&amp#27;[1m│&amp#27;[0m
&amp#27;[32m&amp#27;[1m│&amp#27;[0m &amp#27;[1m&amp#27;[36m&amp#27;[4mhttps://reports.cucumber.io/reports/8c5dbac3-0bf7-49d0-8d32-4671827c05a1&amp#27;[0m &amp#27;[32m&amp#27;[1m│&amp#27;[0m
&amp#27;[32m&amp#27;[1m│&amp#27;[0m                                                                          &amp#27;[32m&amp#27;[1m│&amp#27;[0m
&amp#27;[32m&amp#27;[1m│&amp#27;[0m &amp#27;[1mThis report will self-destruct in 24h.&amp#27;[0m                                   &amp#27;[32m&amp#27;[1m│&amp#27;[0m
&amp#27;[32m&amp#27;[1m│&amp#27;[0m Keep reports forever: &amp#27;[4m&amp#27;[1m&amp#27;[36mhttps://reports.cucumber.io/profile&amp#27;[0m                &amp#27;[32m&amp#27;[1m│&amp#27;[0m
&amp#27;[32m&amp#27;[1m└──────────────────────────────────────────────────────────────────────────┘&amp#27;[0m]]></system-err>
  </testcase>
  <testcase name="runScenario[&quot;Add a Custom Folder and Upload TXT Files of Small, Medium and Large init&quot;, &quot;File Management Feature&quot;](3)" classname="testRunners.FeatureRunner" time="24.681">
    <failure message="Expected condition failed: waiting for element to be clickable: By.xpath: //input[@id=&apos;login-email&apos;] (tried for 20 second(s) with 500 milliseconds interval)&#10;Build info: version: &apos;4.16.1&apos;, revision: &apos;9b4c83354e&apos;&#10;System info: os.name: &apos;Windows 11&apos;, os.arch: &apos;amd64&apos;, os.version: &apos;10.0&apos;, java.version: &apos;11.0.20&apos;&#10;Driver info: org.openqa.selenium.chrome.ChromeDriver&#10;Capabilities {acceptInsecureCerts: false, browserName: chrome, browserVersion: 123.0.6312.58, chrome: {chromedriverVersion: 123.0.6312.58 (6b4b19e9dfbb..., userDataDir: C:\Users\Ashok\AppData\Loca...}, fedcm:accounts: true, goog:chromeOptions: {debuggerAddress: localhost:55201}, networkConnectionEnabled: false, pageLoadStrategy: normal, platformName: windows, proxy: Proxy(), se:cdp: ws://localhost:55201/devtoo..., se:cdpVersion: 123.0.6312.58, setWindowRect: true, strictFileInteractability: false, timeouts: {implicit: 0, pageLoad: 300000, script: 30000}, unhandledPromptBehavior: dismiss and notify, webauthn:extension:credBlob: true, webauthn:extension:largeBlob: true, webauthn:extension:minPinLength: true, webauthn:extension:prf: true, webauthn:virtualAuthenticators: true}&#10;Session ID: be26f74963af38ce559464d8fdc2a6ac" type="org.openqa.selenium.TimeoutException"><![CDATA[org.openqa.selenium.TimeoutException: 
Expected condition failed: waiting for element to be clickable: By.xpath: //input[@id='login-email'] (tried for 20 second(s) with 500 milliseconds interval)
Build info: version: '4.16.1', revision: '9b4c83354e'
System info: os.name: 'Windows 11', os.arch: 'amd64', os.version: '10.0', java.version: '11.0.20'
Driver info: org.openqa.selenium.chrome.ChromeDriver
Capabilities {acceptInsecureCerts: false, browserName: chrome, browserVersion: 123.0.6312.58, chrome: {chromedriverVersion: 123.0.6312.58 (6b4b19e9dfbb..., userDataDir: C:\Users\Ashok\AppData\Loca...}, fedcm:accounts: true, goog:chromeOptions: {debuggerAddress: localhost:55201}, networkConnectionEnabled: false, pageLoadStrategy: normal, platformName: windows, proxy: Proxy(), se:cdp: ws://localhost:55201/devtoo..., se:cdpVersion: 123.0.6312.58, setWindowRect: true, strictFileInteractability: false, timeouts: {implicit: 0, pageLoad: 300000, script: 30000}, unhandledPromptBehavior: dismiss and notify, webauthn:extension:credBlob: true, webauthn:extension:largeBlob: true, webauthn:extension:minPinLength: true, webauthn:extension:prf: true, webauthn:virtualAuthenticators: true}
Session ID: be26f74963af38ce559464d8fdc2a6ac
	at org.openqa.selenium.support.ui.WebDriverWait.timeoutException(WebDriverWait.java:84)
	at org.openqa.selenium.support.ui.FluentWait.until(FluentWait.java:229)
	at com.qa.Utils.WebDriverWaits.waitForElementToBeClickable(WebDriverWaits.java:37)
	at com.Pages.LoginPage.doLogin(LoginPage.java:78)
	at parallel.AccountsPageSteps.user_is_already_logged_in_to_application(AccountsPageSteps.java:39)
	at ✽.User is already logged in to application(file:///C:/Users/Ashok/eclipse-workspace/FamilyCentral_ProdCucumber/src/test/resources/parallel/AddCustomFolder.feature:5)
]]></failure>
    <system-out><![CDATA[
@feature @txt
Scenario: Add a Custom Folder and Upload TXT Files of Small, Medium and Large init &amp#27;[90m# src/test/resources/parallel/AddCustomFolder.feature:36&amp#27;[0m
Login with: ashokmarch12@yopmail.com and Password@123
  &amp#27;[31mGiven &amp#27;[0m&amp#27;[31mUser is already logged in to application&amp#27;[0m                                   &amp#27;[90m# parallel.AccountsPageSteps.user_is_already_logged_in_to_application(io.cucumber.datatable.DataTable)&amp#27;[0m
    | username                 | password     |
    | ashokmarch12@yopmail.com | Password@123 |
      &amp#27;[31morg.openqa.selenium.TimeoutException: Expected condition failed: waiting for element to be clickable: By.xpath: //input[@id='login-email'] (tried for 20 second(s) with 500 milliseconds interval)
Build info: version: '4.16.1', revision: '9b4c83354e'
System info: os.name: 'Windows 11', os.arch: 'amd64', os.version: '10.0', java.version: '11.0.20'
Driver info: org.openqa.selenium.chrome.ChromeDriver
Capabilities {acceptInsecureCerts: false, browserName: chrome, browserVersion: 123.0.6312.58, chrome: {chromedriverVersion: 123.0.6312.58 (6b4b19e9dfbb..., userDataDir: C:\Users\Ashok\AppData\Loca...}, fedcm:accounts: true, goog:chromeOptions: {debuggerAddress: localhost:55201}, networkConnectionEnabled: false, pageLoadStrategy: normal, platformName: windows, proxy: Proxy(), se:cdp: ws://localhost:55201/devtoo..., se:cdpVersion: 123.0.6312.58, setWindowRect: true, strictFileInteractability: false, timeouts: {implicit: 0, pageLoad: 300000, script: 30000}, unhandledPromptBehavior: dismiss and notify, webauthn:extension:credBlob: true, webauthn:extension:largeBlob: true, webauthn:extension:minPinLength: true, webauthn:extension:prf: true, webauthn:virtualAuthenticators: true}
Session ID: be26f74963af38ce559464d8fdc2a6ac
	at org.openqa.selenium.support.ui.WebDriverWait.timeoutException(WebDriverWait.java:84)
	at org.openqa.selenium.support.ui.FluentWait.until(FluentWait.java:229)
	at com.qa.Utils.WebDriverWaits.waitForElementToBeClickable(WebDriverWaits.java:37)
	at com.Pages.LoginPage.doLogin(LoginPage.java:78)
	at parallel.AccountsPageSteps.user_is_already_logged_in_to_application(AccountsPageSteps.java:39)
	at âœ½.User is already logged in to application(file:///C:/Users/Ashok/eclipse-workspace/FamilyCentral_ProdCucumber/src/test/resources/parallel/AddCustomFolder.feature:5)
&amp#27;[0m
  &amp#27;[36mGiven &amp#27;[0m&amp#27;[36mthe User clicks on Family Access Files&amp#27;[0m                                     &amp#27;[90m# parallel.AddCustomFolderSteps.the_user_clicks_on_family_access_files()&amp#27;[0m
  &amp#27;[36mWhen &amp#27;[0m&amp#27;[36mthe User clicks on Add Folder&amp#27;[0m                                               &amp#27;[90m# parallel.AddCustomFolderSteps.the_user_clicks_on_add_folder()&amp#27;[0m
  &amp#27;[36mAnd &amp#27;[0m&amp#27;[36mthe User enters the folder name into Folder name field&amp#27;[0m                       &amp#27;[90m# parallel.AddCustomFolderSteps.the_user_enters_the_folder_name_as_into()&amp#27;[0m
  &amp#27;[36mAnd &amp#27;[0m&amp#27;[36mthe User clicks on the Add button&amp#27;[0m                                            &amp#27;[90m# parallel.AddCustomFolderSteps.the_user_clicks_on_the_button()&amp#27;[0m
  &amp#27;[36mThen &amp#27;[0m&amp#27;[36mthe User should see a success popup with the message &amp#27;[0m&amp#27;[36m&amp#27;[1m"added successfully"&amp#27;[0m   &amp#27;[90m# parallel.AddCustomFolderSteps.the_user_should_see_a_success_popup_with_the_message(java.lang.String)&amp#27;[0m
  &amp#27;[36mAnd &amp#27;[0m&amp#27;[36mthe User clicks on close user guide&amp#27;[0m                                          &amp#27;[90m# parallel.AddCustomFolderSteps.the_user_clicks_on_close_user_guide()&amp#27;[0m
  &amp#27;[36mAnd &amp#27;[0m&amp#27;[36mthe User verifies the added custom folder&amp#27;[0m                                    &amp#27;[90m# parallel.AddCustomFolderSteps.the_user_verifies_the_added_custom_folder()&amp#27;[0m
  &amp#27;[36mAnd &amp#27;[0m&amp#27;[36mthe User clicks and opens the folder&amp#27;[0m                                         &amp#27;[90m# parallel.AddCustomFolderSteps.the_user_clicks_and_opens_the_folder()&amp#27;[0m
  &amp#27;[36mAnd &amp#27;[0m&amp#27;[36mUser uploads TXT file into the that specific folder&amp#27;[0m                          &amp#27;[90m# parallel.AddCustomFolderSteps.user_uploads_TXT_into_the_that_specific_folder()&amp#27;[0m

    Embedding _A_d_d_ _a_ _C_u_s_t_o_m_ _F_o_l_d_e_r_ _a_n_d_ _U_p_l_o_a_d_ _T_X_T_ _F_i_l_e_s_ _o_f_ _S_m_a_l_l_,_ _M_e_d_i_u_m_ _a_n_d_ _L_a_r_g_e_ _i_n_i_t_ [image/png 226411 bytes]

]]></system-out>
  </testcase>
  <testcase name="runScenario[&quot;Add a Custom Folder and Upload XLSX Files of Small, Medium and Large init&quot;, &quot;File Management Feature&quot;](4)" classname="testRunners.FeatureRunner" time="24.925">
    <failure message="Expected condition failed: waiting for element to be clickable: By.xpath: //input[@id=&apos;login-email&apos;] (tried for 20 second(s) with 500 milliseconds interval)&#10;Build info: version: &apos;4.16.1&apos;, revision: &apos;9b4c83354e&apos;&#10;System info: os.name: &apos;Windows 11&apos;, os.arch: &apos;amd64&apos;, os.version: &apos;10.0&apos;, java.version: &apos;11.0.20&apos;&#10;Driver info: org.openqa.selenium.chrome.ChromeDriver&#10;Capabilities {acceptInsecureCerts: false, browserName: chrome, browserVersion: 123.0.6312.58, chrome: {chromedriverVersion: 123.0.6312.58 (6b4b19e9dfbb..., userDataDir: C:\Users\Ashok\AppData\Loca...}, fedcm:accounts: true, goog:chromeOptions: {debuggerAddress: localhost:55201}, networkConnectionEnabled: false, pageLoadStrategy: normal, platformName: windows, proxy: Proxy(), se:cdp: ws://localhost:55201/devtoo..., se:cdpVersion: 123.0.6312.58, setWindowRect: true, strictFileInteractability: false, timeouts: {implicit: 0, pageLoad: 300000, script: 30000}, unhandledPromptBehavior: dismiss and notify, webauthn:extension:credBlob: true, webauthn:extension:largeBlob: true, webauthn:extension:minPinLength: true, webauthn:extension:prf: true, webauthn:virtualAuthenticators: true}&#10;Session ID: be26f74963af38ce559464d8fdc2a6ac" type="org.openqa.selenium.TimeoutException"><![CDATA[org.openqa.selenium.TimeoutException: 
Expected condition failed: waiting for element to be clickable: By.xpath: //input[@id='login-email'] (tried for 20 second(s) with 500 milliseconds interval)
Build info: version: '4.16.1', revision: '9b4c83354e'
System info: os.name: 'Windows 11', os.arch: 'amd64', os.version: '10.0', java.version: '11.0.20'
Driver info: org.openqa.selenium.chrome.ChromeDriver
Capabilities {acceptInsecureCerts: false, browserName: chrome, browserVersion: 123.0.6312.58, chrome: {chromedriverVersion: 123.0.6312.58 (6b4b19e9dfbb..., userDataDir: C:\Users\Ashok\AppData\Loca...}, fedcm:accounts: true, goog:chromeOptions: {debuggerAddress: localhost:55201}, networkConnectionEnabled: false, pageLoadStrategy: normal, platformName: windows, proxy: Proxy(), se:cdp: ws://localhost:55201/devtoo..., se:cdpVersion: 123.0.6312.58, setWindowRect: true, strictFileInteractability: false, timeouts: {implicit: 0, pageLoad: 300000, script: 30000}, unhandledPromptBehavior: dismiss and notify, webauthn:extension:credBlob: true, webauthn:extension:largeBlob: true, webauthn:extension:minPinLength: true, webauthn:extension:prf: true, webauthn:virtualAuthenticators: true}
Session ID: be26f74963af38ce559464d8fdc2a6ac
	at org.openqa.selenium.support.ui.WebDriverWait.timeoutException(WebDriverWait.java:84)
	at org.openqa.selenium.support.ui.FluentWait.until(FluentWait.java:229)
	at com.qa.Utils.WebDriverWaits.waitForElementToBeClickable(WebDriverWaits.java:37)
	at com.Pages.LoginPage.doLogin(LoginPage.java:78)
	at parallel.AccountsPageSteps.user_is_already_logged_in_to_application(AccountsPageSteps.java:39)
	at ✽.User is already logged in to application(file:///C:/Users/Ashok/eclipse-workspace/FamilyCentral_ProdCucumber/src/test/resources/parallel/AddCustomFolder.feature:5)
]]></failure>
    <system-out><![CDATA[
@feature @xlsx
Scenario: Add a Custom Folder and Upload XLSX Files of Small, Medium and Large init &amp#27;[90m# src/test/resources/parallel/AddCustomFolder.feature:49&amp#27;[0m
Login with: ashokmarch12@yopmail.com and Password@123
  &amp#27;[31mGiven &amp#27;[0m&amp#27;[31mUser is already logged in to application&amp#27;[0m                                    &amp#27;[90m# parallel.AccountsPageSteps.user_is_already_logged_in_to_application(io.cucumber.datatable.DataTable)&amp#27;[0m
    | username                 | password     |
    | ashokmarch12@yopmail.com | Password@123 |
      &amp#27;[31morg.openqa.selenium.TimeoutException: Expected condition failed: waiting for element to be clickable: By.xpath: //input[@id='login-email'] (tried for 20 second(s) with 500 milliseconds interval)
Build info: version: '4.16.1', revision: '9b4c83354e'
System info: os.name: 'Windows 11', os.arch: 'amd64', os.version: '10.0', java.version: '11.0.20'
Driver info: org.openqa.selenium.chrome.ChromeDriver
Capabilities {acceptInsecureCerts: false, browserName: chrome, browserVersion: 123.0.6312.58, chrome: {chromedriverVersion: 123.0.6312.58 (6b4b19e9dfbb..., userDataDir: C:\Users\Ashok\AppData\Loca...}, fedcm:accounts: true, goog:chromeOptions: {debuggerAddress: localhost:55201}, networkConnectionEnabled: false, pageLoadStrategy: normal, platformName: windows, proxy: Proxy(), se:cdp: ws://localhost:55201/devtoo..., se:cdpVersion: 123.0.6312.58, setWindowRect: true, strictFileInteractability: false, timeouts: {implicit: 0, pageLoad: 300000, script: 30000}, unhandledPromptBehavior: dismiss and notify, webauthn:extension:credBlob: true, webauthn:extension:largeBlob: true, webauthn:extension:minPinLength: true, webauthn:extension:prf: true, webauthn:virtualAuthenticators: true}
Session ID: be26f74963af38ce559464d8fdc2a6ac
	at org.openqa.selenium.support.ui.WebDriverWait.timeoutException(WebDriverWait.java:84)
	at org.openqa.selenium.support.ui.FluentWait.until(FluentWait.java:229)
	at com.qa.Utils.WebDriverWaits.waitForElementToBeClickable(WebDriverWaits.java:37)
	at com.Pages.LoginPage.doLogin(LoginPage.java:78)
	at parallel.AccountsPageSteps.user_is_already_logged_in_to_application(AccountsPageSteps.java:39)
	at âœ½.User is already logged in to application(file:///C:/Users/Ashok/eclipse-workspace/FamilyCentral_ProdCucumber/src/test/resources/parallel/AddCustomFolder.feature:5)
&amp#27;[0m
  &amp#27;[36mGiven &amp#27;[0m&amp#27;[36mthe User clicks on Family Access Files&amp#27;[0m                                      &amp#27;[90m# parallel.AddCustomFolderSteps.the_user_clicks_on_family_access_files()&amp#27;[0m
  &amp#27;[36mWhen &amp#27;[0m&amp#27;[36mthe User clicks on Add Folder&amp#27;[0m                                                &amp#27;[90m# parallel.AddCustomFolderSteps.the_user_clicks_on_add_folder()&amp#27;[0m
  &amp#27;[36mAnd &amp#27;[0m&amp#27;[36mthe User enters the folder name into Folder name field&amp#27;[0m                        &amp#27;[90m# parallel.AddCustomFolderSteps.the_user_enters_the_folder_name_as_into()&amp#27;[0m
  &amp#27;[36mAnd &amp#27;[0m&amp#27;[36mthe User clicks on the Add button&amp#27;[0m                                             &amp#27;[90m# parallel.AddCustomFolderSteps.the_user_clicks_on_the_button()&amp#27;[0m
  &amp#27;[36mThen &amp#27;[0m&amp#27;[36mthe User should see a success popup with the message &amp#27;[0m&amp#27;[36m&amp#27;[1m"added successfully"&amp#27;[0m    &amp#27;[90m# parallel.AddCustomFolderSteps.the_user_should_see_a_success_popup_with_the_message(java.lang.String)&amp#27;[0m
  &amp#27;[36mAnd &amp#27;[0m&amp#27;[36mthe User clicks on close user guide&amp#27;[0m                                           &amp#27;[90m# parallel.AddCustomFolderSteps.the_user_clicks_on_close_user_guide()&amp#27;[0m
  &amp#27;[36mAnd &amp#27;[0m&amp#27;[36mthe User verifies the added custom folder&amp#27;[0m                                     &amp#27;[90m# parallel.AddCustomFolderSteps.the_user_verifies_the_added_custom_folder()&amp#27;[0m
  &amp#27;[36mAnd &amp#27;[0m&amp#27;[36mthe User clicks and opens the folder&amp#27;[0m                                          &amp#27;[90m# parallel.AddCustomFolderSteps.the_user_clicks_and_opens_the_folder()&amp#27;[0m
  &amp#27;[36mAnd &amp#27;[0m&amp#27;[36mUser uploads XLSX file into the that specific folder&amp#27;[0m                          &amp#27;[90m# parallel.AddCustomFolderSteps.user_uploads_XLSX_into_the_that_specific_folder()&amp#27;[0m

    Embedding _A_d_d_ _a_ _C_u_s_t_o_m_ _F_o_l_d_e_r_ _a_n_d_ _U_p_l_o_a_d_ _X_L_S_X_ _F_i_l_e_s_ _o_f_ _S_m_a_l_l_,_ _M_e_d_i_u_m_ _a_n_d_ _L_a_r_g_e_ _i_n_i_t_ [image/png 226411 bytes]

]]></system-out>
  </testcase>
  <testcase name="runScenario[&quot;Add a Custom Folder and Upload PNG Files of Small, Medium and Large init&quot;, &quot;File Management Feature&quot;](5)" classname="testRunners.FeatureRunner" time="25.653">
    <failure message="Expected condition failed: waiting for element to be clickable: By.xpath: //input[@id=&apos;login-email&apos;] (tried for 20 second(s) with 500 milliseconds interval)&#10;Build info: version: &apos;4.16.1&apos;, revision: &apos;9b4c83354e&apos;&#10;System info: os.name: &apos;Windows 11&apos;, os.arch: &apos;amd64&apos;, os.version: &apos;10.0&apos;, java.version: &apos;11.0.20&apos;&#10;Driver info: org.openqa.selenium.chrome.ChromeDriver&#10;Capabilities {acceptInsecureCerts: false, browserName: chrome, browserVersion: 123.0.6312.58, chrome: {chromedriverVersion: 123.0.6312.58 (6b4b19e9dfbb..., userDataDir: C:\Users\Ashok\AppData\Loca...}, fedcm:accounts: true, goog:chromeOptions: {debuggerAddress: localhost:55201}, networkConnectionEnabled: false, pageLoadStrategy: normal, platformName: windows, proxy: Proxy(), se:cdp: ws://localhost:55201/devtoo..., se:cdpVersion: 123.0.6312.58, setWindowRect: true, strictFileInteractability: false, timeouts: {implicit: 0, pageLoad: 300000, script: 30000}, unhandledPromptBehavior: dismiss and notify, webauthn:extension:credBlob: true, webauthn:extension:largeBlob: true, webauthn:extension:minPinLength: true, webauthn:extension:prf: true, webauthn:virtualAuthenticators: true}&#10;Session ID: be26f74963af38ce559464d8fdc2a6ac" type="org.openqa.selenium.TimeoutException"><![CDATA[org.openqa.selenium.TimeoutException: 
Expected condition failed: waiting for element to be clickable: By.xpath: //input[@id='login-email'] (tried for 20 second(s) with 500 milliseconds interval)
Build info: version: '4.16.1', revision: '9b4c83354e'
System info: os.name: 'Windows 11', os.arch: 'amd64', os.version: '10.0', java.version: '11.0.20'
Driver info: org.openqa.selenium.chrome.ChromeDriver
Capabilities {acceptInsecureCerts: false, browserName: chrome, browserVersion: 123.0.6312.58, chrome: {chromedriverVersion: 123.0.6312.58 (6b4b19e9dfbb..., userDataDir: C:\Users\Ashok\AppData\Loca...}, fedcm:accounts: true, goog:chromeOptions: {debuggerAddress: localhost:55201}, networkConnectionEnabled: false, pageLoadStrategy: normal, platformName: windows, proxy: Proxy(), se:cdp: ws://localhost:55201/devtoo..., se:cdpVersion: 123.0.6312.58, setWindowRect: true, strictFileInteractability: false, timeouts: {implicit: 0, pageLoad: 300000, script: 30000}, unhandledPromptBehavior: dismiss and notify, webauthn:extension:credBlob: true, webauthn:extension:largeBlob: true, webauthn:extension:minPinLength: true, webauthn:extension:prf: true, webauthn:virtualAuthenticators: true}
Session ID: be26f74963af38ce559464d8fdc2a6ac
	at org.openqa.selenium.support.ui.WebDriverWait.timeoutException(WebDriverWait.java:84)
	at org.openqa.selenium.support.ui.FluentWait.until(FluentWait.java:229)
	at com.qa.Utils.WebDriverWaits.waitForElementToBeClickable(WebDriverWaits.java:37)
	at com.Pages.LoginPage.doLogin(LoginPage.java:78)
	at parallel.AccountsPageSteps.user_is_already_logged_in_to_application(AccountsPageSteps.java:39)
	at ✽.User is already logged in to application(file:///C:/Users/Ashok/eclipse-workspace/FamilyCentral_ProdCucumber/src/test/resources/parallel/AddCustomFolder.feature:5)
]]></failure>
    <system-out><![CDATA[
@feature @png
Scenario: Add a Custom Folder and Upload PNG Files of Small, Medium and Large init &amp#27;[90m# src/test/resources/parallel/AddCustomFolder.feature:62&amp#27;[0m
Login with: ashokmarch12@yopmail.com and Password@123
  &amp#27;[31mGiven &amp#27;[0m&amp#27;[31mUser is already logged in to application&amp#27;[0m                                   &amp#27;[90m# parallel.AccountsPageSteps.user_is_already_logged_in_to_application(io.cucumber.datatable.DataTable)&amp#27;[0m
    | username                 | password     |
    | ashokmarch12@yopmail.com | Password@123 |
      &amp#27;[31morg.openqa.selenium.TimeoutException: Expected condition failed: waiting for element to be clickable: By.xpath: //input[@id='login-email'] (tried for 20 second(s) with 500 milliseconds interval)
Build info: version: '4.16.1', revision: '9b4c83354e'
System info: os.name: 'Windows 11', os.arch: 'amd64', os.version: '10.0', java.version: '11.0.20'
Driver info: org.openqa.selenium.chrome.ChromeDriver
Capabilities {acceptInsecureCerts: false, browserName: chrome, browserVersion: 123.0.6312.58, chrome: {chromedriverVersion: 123.0.6312.58 (6b4b19e9dfbb..., userDataDir: C:\Users\Ashok\AppData\Loca...}, fedcm:accounts: true, goog:chromeOptions: {debuggerAddress: localhost:55201}, networkConnectionEnabled: false, pageLoadStrategy: normal, platformName: windows, proxy: Proxy(), se:cdp: ws://localhost:55201/devtoo..., se:cdpVersion: 123.0.6312.58, setWindowRect: true, strictFileInteractability: false, timeouts: {implicit: 0, pageLoad: 300000, script: 30000}, unhandledPromptBehavior: dismiss and notify, webauthn:extension:credBlob: true, webauthn:extension:largeBlob: true, webauthn:extension:minPinLength: true, webauthn:extension:prf: true, webauthn:virtualAuthenticators: true}
Session ID: be26f74963af38ce559464d8fdc2a6ac
	at org.openqa.selenium.support.ui.WebDriverWait.timeoutException(WebDriverWait.java:84)
	at org.openqa.selenium.support.ui.FluentWait.until(FluentWait.java:229)
	at com.qa.Utils.WebDriverWaits.waitForElementToBeClickable(WebDriverWaits.java:37)
	at com.Pages.LoginPage.doLogin(LoginPage.java:78)
	at parallel.AccountsPageSteps.user_is_already_logged_in_to_application(AccountsPageSteps.java:39)
	at âœ½.User is already logged in to application(file:///C:/Users/Ashok/eclipse-workspace/FamilyCentral_ProdCucumber/src/test/resources/parallel/AddCustomFolder.feature:5)
&amp#27;[0m
  &amp#27;[36mGiven &amp#27;[0m&amp#27;[36mthe User clicks on Family Access Files&amp#27;[0m                                     &amp#27;[90m# parallel.AddCustomFolderSteps.the_user_clicks_on_family_access_files()&amp#27;[0m
  &amp#27;[36mWhen &amp#27;[0m&amp#27;[36mthe User clicks on Add Folder&amp#27;[0m                                               &amp#27;[90m# parallel.AddCustomFolderSteps.the_user_clicks_on_add_folder()&amp#27;[0m
  &amp#27;[36mAnd &amp#27;[0m&amp#27;[36mthe User enters the folder name into Folder name field&amp#27;[0m                       &amp#27;[90m# parallel.AddCustomFolderSteps.the_user_enters_the_folder_name_as_into()&amp#27;[0m
  &amp#27;[36mAnd &amp#27;[0m&amp#27;[36mthe User clicks on the Add button&amp#27;[0m                                            &amp#27;[90m# parallel.AddCustomFolderSteps.the_user_clicks_on_the_button()&amp#27;[0m
  &amp#27;[36mThen &amp#27;[0m&amp#27;[36mthe User should see a success popup with the message &amp#27;[0m&amp#27;[36m&amp#27;[1m"added successfully"&amp#27;[0m   &amp#27;[90m# parallel.AddCustomFolderSteps.the_user_should_see_a_success_popup_with_the_message(java.lang.String)&amp#27;[0m
  &amp#27;[36mAnd &amp#27;[0m&amp#27;[36mthe User clicks on close user guide&amp#27;[0m                                          &amp#27;[90m# parallel.AddCustomFolderSteps.the_user_clicks_on_close_user_guide()&amp#27;[0m
  &amp#27;[36mAnd &amp#27;[0m&amp#27;[36mthe User verifies the added custom folder&amp#27;[0m                                    &amp#27;[90m# parallel.AddCustomFolderSteps.the_user_verifies_the_added_custom_folder()&amp#27;[0m
  &amp#27;[36mAnd &amp#27;[0m&amp#27;[36mthe User clicks and opens the folder&amp#27;[0m                                         &amp#27;[90m# parallel.AddCustomFolderSteps.the_user_clicks_and_opens_the_folder()&amp#27;[0m
  &amp#27;[36mAnd &amp#27;[0m&amp#27;[36mUser uploads PNG file into the that specific folder&amp#27;[0m                          &amp#27;[90m# parallel.AddCustomFolderSteps.user_uploads_PNG_into_the_that_specific_folder()&amp#27;[0m

    Embedding _A_d_d_ _a_ _C_u_s_t_o_m_ _F_o_l_d_e_r_ _a_n_d_ _U_p_l_o_a_d_ _P_N_G_ _F_i_l_e_s_ _o_f_ _S_m_a_l_l_,_ _M_e_d_i_u_m_ _a_n_d_ _L_a_r_g_e_ _i_n_i_t_ [image/png 226411 bytes]

]]></system-out>
  </testcase>
  <testcase name="runScenario[&quot;Add a Custom Folder and Upload JPG Files of Small, Medium and Large init&quot;, &quot;File Management Feature&quot;](6)" classname="testRunners.FeatureRunner" time="25.456">
    <failure message="Expected condition failed: waiting for element to be clickable: By.xpath: //input[@id=&apos;login-email&apos;] (tried for 20 second(s) with 500 milliseconds interval)&#10;Build info: version: &apos;4.16.1&apos;, revision: &apos;9b4c83354e&apos;&#10;System info: os.name: &apos;Windows 11&apos;, os.arch: &apos;amd64&apos;, os.version: &apos;10.0&apos;, java.version: &apos;11.0.20&apos;&#10;Driver info: org.openqa.selenium.chrome.ChromeDriver&#10;Capabilities {acceptInsecureCerts: false, browserName: chrome, browserVersion: 123.0.6312.58, chrome: {chromedriverVersion: 123.0.6312.58 (6b4b19e9dfbb..., userDataDir: C:\Users\Ashok\AppData\Loca...}, fedcm:accounts: true, goog:chromeOptions: {debuggerAddress: localhost:55201}, networkConnectionEnabled: false, pageLoadStrategy: normal, platformName: windows, proxy: Proxy(), se:cdp: ws://localhost:55201/devtoo..., se:cdpVersion: 123.0.6312.58, setWindowRect: true, strictFileInteractability: false, timeouts: {implicit: 0, pageLoad: 300000, script: 30000}, unhandledPromptBehavior: dismiss and notify, webauthn:extension:credBlob: true, webauthn:extension:largeBlob: true, webauthn:extension:minPinLength: true, webauthn:extension:prf: true, webauthn:virtualAuthenticators: true}&#10;Session ID: be26f74963af38ce559464d8fdc2a6ac" type="org.openqa.selenium.TimeoutException"><![CDATA[org.openqa.selenium.TimeoutException: 
Expected condition failed: waiting for element to be clickable: By.xpath: //input[@id='login-email'] (tried for 20 second(s) with 500 milliseconds interval)
Build info: version: '4.16.1', revision: '9b4c83354e'
System info: os.name: 'Windows 11', os.arch: 'amd64', os.version: '10.0', java.version: '11.0.20'
Driver info: org.openqa.selenium.chrome.ChromeDriver
Capabilities {acceptInsecureCerts: false, browserName: chrome, browserVersion: 123.0.6312.58, chrome: {chromedriverVersion: 123.0.6312.58 (6b4b19e9dfbb..., userDataDir: C:\Users\Ashok\AppData\Loca...}, fedcm:accounts: true, goog:chromeOptions: {debuggerAddress: localhost:55201}, networkConnectionEnabled: false, pageLoadStrategy: normal, platformName: windows, proxy: Proxy(), se:cdp: ws://localhost:55201/devtoo..., se:cdpVersion: 123.0.6312.58, setWindowRect: true, strictFileInteractability: false, timeouts: {implicit: 0, pageLoad: 300000, script: 30000}, unhandledPromptBehavior: dismiss and notify, webauthn:extension:credBlob: true, webauthn:extension:largeBlob: true, webauthn:extension:minPinLength: true, webauthn:extension:prf: true, webauthn:virtualAuthenticators: true}
Session ID: be26f74963af38ce559464d8fdc2a6ac
	at org.openqa.selenium.support.ui.WebDriverWait.timeoutException(WebDriverWait.java:84)
	at org.openqa.selenium.support.ui.FluentWait.until(FluentWait.java:229)
	at com.qa.Utils.WebDriverWaits.waitForElementToBeClickable(WebDriverWaits.java:37)
	at com.Pages.LoginPage.doLogin(LoginPage.java:78)
	at parallel.AccountsPageSteps.user_is_already_logged_in_to_application(AccountsPageSteps.java:39)
	at ✽.User is already logged in to application(file:///C:/Users/Ashok/eclipse-workspace/FamilyCentral_ProdCucumber/src/test/resources/parallel/AddCustomFolder.feature:5)
]]></failure>
    <system-out><![CDATA[
@feature @jpg
Scenario: Add a Custom Folder and Upload JPG Files of Small, Medium and Large init &amp#27;[90m# src/test/resources/parallel/AddCustomFolder.feature:75&amp#27;[0m
Login with: ashokmarch12@yopmail.com and Password@123
  &amp#27;[31mGiven &amp#27;[0m&amp#27;[31mUser is already logged in to application&amp#27;[0m                                   &amp#27;[90m# parallel.AccountsPageSteps.user_is_already_logged_in_to_application(io.cucumber.datatable.DataTable)&amp#27;[0m
    | username                 | password     |
    | ashokmarch12@yopmail.com | Password@123 |
      &amp#27;[31morg.openqa.selenium.TimeoutException: Expected condition failed: waiting for element to be clickable: By.xpath: //input[@id='login-email'] (tried for 20 second(s) with 500 milliseconds interval)
Build info: version: '4.16.1', revision: '9b4c83354e'
System info: os.name: 'Windows 11', os.arch: 'amd64', os.version: '10.0', java.version: '11.0.20'
Driver info: org.openqa.selenium.chrome.ChromeDriver
Capabilities {acceptInsecureCerts: false, browserName: chrome, browserVersion: 123.0.6312.58, chrome: {chromedriverVersion: 123.0.6312.58 (6b4b19e9dfbb..., userDataDir: C:\Users\Ashok\AppData\Loca...}, fedcm:accounts: true, goog:chromeOptions: {debuggerAddress: localhost:55201}, networkConnectionEnabled: false, pageLoadStrategy: normal, platformName: windows, proxy: Proxy(), se:cdp: ws://localhost:55201/devtoo..., se:cdpVersion: 123.0.6312.58, setWindowRect: true, strictFileInteractability: false, timeouts: {implicit: 0, pageLoad: 300000, script: 30000}, unhandledPromptBehavior: dismiss and notify, webauthn:extension:credBlob: true, webauthn:extension:largeBlob: true, webauthn:extension:minPinLength: true, webauthn:extension:prf: true, webauthn:virtualAuthenticators: true}
Session ID: be26f74963af38ce559464d8fdc2a6ac
	at org.openqa.selenium.support.ui.WebDriverWait.timeoutException(WebDriverWait.java:84)
	at org.openqa.selenium.support.ui.FluentWait.until(FluentWait.java:229)
	at com.qa.Utils.WebDriverWaits.waitForElementToBeClickable(WebDriverWaits.java:37)
	at com.Pages.LoginPage.doLogin(LoginPage.java:78)
	at parallel.AccountsPageSteps.user_is_already_logged_in_to_application(AccountsPageSteps.java:39)
	at âœ½.User is already logged in to application(file:///C:/Users/Ashok/eclipse-workspace/FamilyCentral_ProdCucumber/src/test/resources/parallel/AddCustomFolder.feature:5)
&amp#27;[0m
  &amp#27;[36mGiven &amp#27;[0m&amp#27;[36mthe User clicks on Family Access Files&amp#27;[0m                                     &amp#27;[90m# parallel.AddCustomFolderSteps.the_user_clicks_on_family_access_files()&amp#27;[0m
  &amp#27;[36mWhen &amp#27;[0m&amp#27;[36mthe User clicks on Add Folder&amp#27;[0m                                               &amp#27;[90m# parallel.AddCustomFolderSteps.the_user_clicks_on_add_folder()&amp#27;[0m
  &amp#27;[36mAnd &amp#27;[0m&amp#27;[36mthe User enters the folder name into Folder name field&amp#27;[0m                       &amp#27;[90m# parallel.AddCustomFolderSteps.the_user_enters_the_folder_name_as_into()&amp#27;[0m
  &amp#27;[36mAnd &amp#27;[0m&amp#27;[36mthe User clicks on the Add button&amp#27;[0m                                            &amp#27;[90m# parallel.AddCustomFolderSteps.the_user_clicks_on_the_button()&amp#27;[0m
  &amp#27;[36mThen &amp#27;[0m&amp#27;[36mthe User should see a success popup with the message &amp#27;[0m&amp#27;[36m&amp#27;[1m"added successfully"&amp#27;[0m   &amp#27;[90m# parallel.AddCustomFolderSteps.the_user_should_see_a_success_popup_with_the_message(java.lang.String)&amp#27;[0m
  &amp#27;[36mAnd &amp#27;[0m&amp#27;[36mthe User clicks on close user guide&amp#27;[0m                                          &amp#27;[90m# parallel.AddCustomFolderSteps.the_user_clicks_on_close_user_guide()&amp#27;[0m
  &amp#27;[36mAnd &amp#27;[0m&amp#27;[36mthe User verifies the added custom folder&amp#27;[0m                                    &amp#27;[90m# parallel.AddCustomFolderSteps.the_user_verifies_the_added_custom_folder()&amp#27;[0m
  &amp#27;[36mAnd &amp#27;[0m&amp#27;[36mthe User clicks and opens the folder&amp#27;[0m                                         &amp#27;[90m# parallel.AddCustomFolderSteps.the_user_clicks_and_opens_the_folder()&amp#27;[0m
  &amp#27;[36mAnd &amp#27;[0m&amp#27;[36mUser uploads JPG file into the that specific folder&amp#27;[0m                          &amp#27;[90m# parallel.AddCustomFolderSteps.user_uploads_JPG_into_the_that_specific_folder()&amp#27;[0m

    Embedding _A_d_d_ _a_ _C_u_s_t_o_m_ _F_o_l_d_e_r_ _a_n_d_ _U_p_l_o_a_d_ _J_P_G_ _F_i_l_e_s_ _o_f_ _S_m_a_l_l_,_ _M_e_d_i_u_m_ _a_n_d_ _L_a_r_g_e_ _i_n_i_t_ [image/png 226411 bytes]

]]></system-out>
  </testcase>
  <testcase name="runScenario[&quot;Add a Custom Folder and Upload MP4 Files of Small, Medium and Large init&quot;, &quot;File Management Feature&quot;](7)" classname="testRunners.FeatureRunner" time="24.897">
    <failure message="Expected condition failed: waiting for element to be clickable: By.xpath: //input[@id=&apos;login-email&apos;] (tried for 20 second(s) with 500 milliseconds interval)" type="org.openqa.selenium.TimeoutException"><![CDATA[org.openqa.selenium.TimeoutException: Expected condition failed: waiting for element to be clickable: By.xpath: //input[@id='login-email'] (tried for 20 second(s) with 500 milliseconds interval)
	at org.openqa.selenium.support.ui.WebDriverWait.timeoutException(WebDriverWait.java:84)
	at org.openqa.selenium.support.ui.FluentWait.until(FluentWait.java:229)
	at com.qa.Utils.WebDriverWaits.waitForElementToBeClickable(WebDriverWaits.java:37)
	at com.Pages.LoginPage.doLogin(LoginPage.java:78)
	at parallel.AccountsPageSteps.user_is_already_logged_in_to_application(AccountsPageSteps.java:39)
	at ✽.User is already logged in to application(file:///C:/Users/Ashok/eclipse-workspace/FamilyCentral_ProdCucumber/src/test/resources/parallel/AddCustomFolder.feature:5)
Caused by: org.openqa.selenium.NoSuchWindowException: no such window: target window already closed
from unknown error: web view not found
  (Session info: chrome=123.0.6312.58)
Build info: version: '4.16.1', revision: '9b4c83354e'
System info: os.name: 'Windows 11', os.arch: 'amd64', os.version: '10.0', java.version: '11.0.20'
Driver info: org.openqa.selenium.chrome.ChromeDriver
Command: [be26f74963af38ce559464d8fdc2a6ac, findElement {using=xpath, value=//input[@id='login-email']}]
Capabilities {acceptInsecureCerts: false, browserName: chrome, browserVersion: 123.0.6312.58, chrome: {chromedriverVersion: 123.0.6312.58 (6b4b19e9dfbb..., userDataDir: C:\Users\Ashok\AppData\Loca...}, fedcm:accounts: true, goog:chromeOptions: {debuggerAddress: localhost:55201}, networkConnectionEnabled: false, pageLoadStrategy: normal, platformName: windows, proxy: Proxy(), se:cdp: ws://localhost:55201/devtoo..., se:cdpVersion: 123.0.6312.58, setWindowRect: true, strictFileInteractability: false, timeouts: {implicit: 0, pageLoad: 300000, script: 30000}, unhandledPromptBehavior: dismiss and notify, webauthn:extension:credBlob: true, webauthn:extension:largeBlob: true, webauthn:extension:minPinLength: true, webauthn:extension:prf: true, webauthn:virtualAuthenticators: true}
Session ID: be26f74963af38ce559464d8fdc2a6ac
	at jdk.internal.reflect.GeneratedConstructorAccessor21.newInstance(Unknown Source)
	at java.base/jdk.internal.reflect.DelegatingConstructorAccessorImpl.newInstance(DelegatingConstructorAccessorImpl.java:45)
	at java.base/java.lang.reflect.Constructor.newInstance(Constructor.java:490)
	at org.openqa.selenium.remote.codec.w3c.W3CHttpResponseCodec.createException(W3CHttpResponseCodec.java:200)
	at org.openqa.selenium.remote.codec.w3c.W3CHttpResponseCodec.decode(W3CHttpResponseCodec.java:133)
	at org.openqa.selenium.remote.codec.w3c.W3CHttpResponseCodec.decode(W3CHttpResponseCodec.java:52)
	at org.openqa.selenium.remote.HttpCommandExecutor.execute(HttpCommandExecutor.java:191)
	at org.openqa.selenium.remote.service.DriverCommandExecutor.invokeExecute(DriverCommandExecutor.java:200)
	at org.openqa.selenium.remote.service.DriverCommandExecutor.execute(DriverCommandExecutor.java:175)
	at org.openqa.selenium.remote.RemoteWebDriver.execute(RemoteWebDriver.java:523)
	at org.openqa.selenium.remote.ElementLocation$ElementFinder$2.findElement(ElementLocation.java:165)
	at org.openqa.selenium.remote.ElementLocation.findElement(ElementLocation.java:59)
	at org.openqa.selenium.remote.RemoteWebDriver.findElement(RemoteWebDriver.java:360)
	at org.openqa.selenium.remote.RemoteWebDriver.findElement(RemoteWebDriver.java:354)
	at org.openqa.selenium.support.ui.ExpectedConditions$7.apply(ExpectedConditions.java:194)
	at org.openqa.selenium.support.ui.ExpectedConditions$7.apply(ExpectedConditions.java:190)
	at org.openqa.selenium.support.ui.ExpectedConditions$22.apply(ExpectedConditions.java:627)
	at org.openqa.selenium.support.ui.ExpectedConditions$22.apply(ExpectedConditions.java:624)
	at org.openqa.selenium.support.ui.FluentWait.until(FluentWait.java:204)
	at com.qa.Utils.WebDriverWaits.waitForElementToBeClickable(WebDriverWaits.java:37)
	at com.Pages.LoginPage.doLogin(LoginPage.java:78)
	at parallel.AccountsPageSteps.user_is_already_logged_in_to_application(AccountsPageSteps.java:39)
	at java.base/jdk.internal.reflect.NativeMethodAccessorImpl.invoke0(Native Method)
	at java.base/jdk.internal.reflect.NativeMethodAccessorImpl.invoke(NativeMethodAccessorImpl.java:62)
	at java.base/jdk.internal.reflect.DelegatingMethodAccessorImpl.invoke(DelegatingMethodAccessorImpl.java:43)
	at java.base/java.lang.reflect.Method.invoke(Method.java:566)
	at io.cucumber.java.Invoker.doInvoke(Invoker.java:66)
	at io.cucumber.java.Invoker.invoke(Invoker.java:24)
	at io.cucumber.java.AbstractGlueDefinition.invokeMethod(AbstractGlueDefinition.java:47)
	at io.cucumber.java.JavaStepDefinition.execute(JavaStepDefinition.java:29)
	at io.cucumber.core.runner.CoreStepDefinition.execute(CoreStepDefinition.java:66)
	at io.cucumber.core.runner.PickleStepDefinitionMatch.runStep(PickleStepDefinitionMatch.java:63)
	at io.cucumber.core.runner.ExecutionMode$1.execute(ExecutionMode.java:10)
	at io.cucumber.core.runner.TestStep.executeStep(TestStep.java:85)
	at io.cucumber.core.runner.TestStep.run(TestStep.java:57)
	at io.cucumber.core.runner.PickleStepTestStep.run(PickleStepTestStep.java:51)
	at io.cucumber.core.runner.TestCase.run(TestCase.java:84)
	at io.cucumber.core.runner.Runner.runPickle(Runner.java:75)
	at io.cucumber.testng.TestNGCucumberRunner.lambda$runScenario$1(TestNGCucumberRunner.java:132)
	at io.cucumber.core.runtime.CucumberExecutionContext.lambda$runTestCase$5(CucumberExecutionContext.java:129)
	at io.cucumber.core.runtime.RethrowingThrowableCollector.executeAndThrow(RethrowingThrowableCollector.java:23)
	at io.cucumber.core.runtime.CucumberExecutionContext.runTestCase(CucumberExecutionContext.java:129)
	at io.cucumber.testng.TestNGCucumberRunner.runScenario(TestNGCucumberRunner.java:129)
	at io.cucumber.testng.AbstractTestNGCucumberTests.runScenario(AbstractTestNGCucumberTests.java:35)
	at java.base/jdk.internal.reflect.NativeMethodAccessorImpl.invoke0(Native Method)
	at java.base/jdk.internal.reflect.NativeMethodAccessorImpl.invoke(NativeMethodAccessorImpl.java:62)
	at java.base/jdk.internal.reflect.DelegatingMethodAccessorImpl.invoke(DelegatingMethodAccessorImpl.java:43)
	at java.base/java.lang.reflect.Method.invoke(Method.java:566)
	at org.testng.internal.invokers.MethodInvocationHelper.invokeMethod(MethodInvocationHelper.java:139)
	at org.testng.internal.invokers.TestInvoker.invokeMethod(TestInvoker.java:664)
	at org.testng.internal.invokers.TestInvoker.invokeTestMethod(TestInvoker.java:227)
	at org.testng.internal.invokers.MethodRunner.runInSequence(MethodRunner.java:50)
	at org.testng.internal.invokers.TestInvoker$MethodInvocationAgent.invoke(TestInvoker.java:957)
	at org.testng.internal.invokers.TestInvoker.invokeTestMethods(TestInvoker.java:200)
	at org.testng.internal.invokers.TestMethodWorker.invokeTestMethods(TestMethodWorker.java:148)
	at org.testng.internal.invokers.TestMethodWorker.run(TestMethodWorker.java:128)
	at java.base/java.util.concurrent.ThreadPoolExecutor.runWorker(ThreadPoolExecutor.java:1128)
	at java.base/java.util.concurrent.ThreadPoolExecutor$Worker.run(ThreadPoolExecutor.java:628)
	at java.base/java.lang.Thread.run(Thread.java:834)
]]></failure>
    <system-out><![CDATA[
@feature @mp4
Scenario: Add a Custom Folder and Upload MP4 Files of Small, Medium and Large init &amp#27;[90m# src/test/resources/parallel/AddCustomFolder.feature:88&amp#27;[0m
Login with: ashokmarch12@yopmail.com and Password@123
  &amp#27;[31mGiven &amp#27;[0m&amp#27;[31mUser is already logged in to application&amp#27;[0m                                   &amp#27;[90m# parallel.AccountsPageSteps.user_is_already_logged_in_to_application(io.cucumber.datatable.DataTable)&amp#27;[0m
    | username                 | password     |
    | ashokmarch12@yopmail.com | Password@123 |
      &amp#27;[31morg.openqa.selenium.TimeoutException: Expected condition failed: waiting for element to be clickable: By.xpath: //input[@id='login-email'] (tried for 20 second(s) with 500 milliseconds interval)
	at org.openqa.selenium.support.ui.WebDriverWait.timeoutException(WebDriverWait.java:84)
	at org.openqa.selenium.support.ui.FluentWait.until(FluentWait.java:229)
	at com.qa.Utils.WebDriverWaits.waitForElementToBeClickable(WebDriverWaits.java:37)
	at com.Pages.LoginPage.doLogin(LoginPage.java:78)
	at parallel.AccountsPageSteps.user_is_already_logged_in_to_application(AccountsPageSteps.java:39)
	at âœ½.User is already logged in to application(file:///C:/Users/Ashok/eclipse-workspace/FamilyCentral_ProdCucumber/src/test/resources/parallel/AddCustomFolder.feature:5)
Caused by: org.openqa.selenium.NoSuchWindowException: no such window: target window already closed
from unknown error: web view not found
  (Session info: chrome=123.0.6312.58)
Build info: version: '4.16.1', revision: '9b4c83354e'
System info: os.name: 'Windows 11', os.arch: 'amd64', os.version: '10.0', java.version: '11.0.20'
Driver info: org.openqa.selenium.chrome.ChromeDriver
Command: [be26f74963af38ce559464d8fdc2a6ac, findElement {using=xpath, value=//input[@id='login-email']}]
Capabilities {acceptInsecureCerts: false, browserName: chrome, browserVersion: 123.0.6312.58, chrome: {chromedriverVersion: 123.0.6312.58 (6b4b19e9dfbb..., userDataDir: C:\Users\Ashok\AppData\Loca...}, fedcm:accounts: true, goog:chromeOptions: {debuggerAddress: localhost:55201}, networkConnectionEnabled: false, pageLoadStrategy: normal, platformName: windows, proxy: Proxy(), se:cdp: ws://localhost:55201/devtoo..., se:cdpVersion: 123.0.6312.58, setWindowRect: true, strictFileInteractability: false, timeouts: {implicit: 0, pageLoad: 300000, script: 30000}, unhandledPromptBehavior: dismiss and notify, webauthn:extension:credBlob: true, webauthn:extension:largeBlob: true, webauthn:extension:minPinLength: true, webauthn:extension:prf: true, webauthn:virtualAuthenticators: true}
Session ID: be26f74963af38ce559464d8fdc2a6ac
	at jdk.internal.reflect.GeneratedConstructorAccessor21.newInstance(Unknown Source)
	at java.base/jdk.internal.reflect.DelegatingConstructorAccessorImpl.newInstance(DelegatingConstructorAccessorImpl.java:45)
	at java.base/java.lang.reflect.Constructor.newInstance(Constructor.java:490)
	at org.openqa.selenium.remote.codec.w3c.W3CHttpResponseCodec.createException(W3CHttpResponseCodec.java:200)
	at org.openqa.selenium.remote.codec.w3c.W3CHttpResponseCodec.decode(W3CHttpResponseCodec.java:133)
	at org.openqa.selenium.remote.codec.w3c.W3CHttpResponseCodec.decode(W3CHttpResponseCodec.java:52)
	at org.openqa.selenium.remote.HttpCommandExecutor.execute(HttpCommandExecutor.java:191)
	at org.openqa.selenium.remote.service.DriverCommandExecutor.invokeExecute(DriverCommandExecutor.java:200)
	at org.openqa.selenium.remote.service.DriverCommandExecutor.execute(DriverCommandExecutor.java:175)
	at org.openqa.selenium.remote.RemoteWebDriver.execute(RemoteWebDriver.java:523)
	at org.openqa.selenium.remote.ElementLocation$ElementFinder$2.findElement(ElementLocation.java:165)
	at org.openqa.selenium.remote.ElementLocation.findElement(ElementLocation.java:59)
	at org.openqa.selenium.remote.RemoteWebDriver.findElement(RemoteWebDriver.java:360)
	at org.openqa.selenium.remote.RemoteWebDriver.findElement(RemoteWebDriver.java:354)
	at org.openqa.selenium.support.ui.ExpectedConditions$7.apply(ExpectedConditions.java:194)
	at org.openqa.selenium.support.ui.ExpectedConditions$7.apply(ExpectedConditions.java:190)
	at org.openqa.selenium.support.ui.ExpectedConditions$22.apply(ExpectedConditions.java:627)
	at org.openqa.selenium.support.ui.ExpectedConditions$22.apply(ExpectedConditions.java:624)
	at org.openqa.selenium.support.ui.FluentWait.until(FluentWait.java:204)
	at com.qa.Utils.WebDriverWaits.waitForElementToBeClickable(WebDriverWaits.java:37)
	at com.Pages.LoginPage.doLogin(LoginPage.java:78)
	at parallel.AccountsPageSteps.user_is_already_logged_in_to_application(AccountsPageSteps.java:39)
	at java.base/jdk.internal.reflect.NativeMethodAccessorImpl.invoke0(Native Method)
	at java.base/jdk.internal.reflect.NativeMethodAccessorImpl.invoke(NativeMethodAccessorImpl.java:62)
	at java.base/jdk.internal.reflect.DelegatingMethodAccessorImpl.invoke(DelegatingMethodAccessorImpl.java:43)
	at java.base/java.lang.reflect.Method.invoke(Method.java:566)
	at io.cucumber.java.Invoker.doInvoke(Invoker.java:66)
	at io.cucumber.java.Invoker.invoke(Invoker.java:24)
	at io.cucumber.java.AbstractGlueDefinition.invokeMethod(AbstractGlueDefinition.java:47)
	at io.cucumber.java.JavaStepDefinition.execute(JavaStepDefinition.java:29)
	at io.cucumber.core.runner.CoreStepDefinition.execute(CoreStepDefinition.java:66)
	at io.cucumber.core.runner.PickleStepDefinitionMatch.runStep(PickleStepDefinitionMatch.java:63)
	at io.cucumber.core.runner.ExecutionMode$1.execute(ExecutionMode.java:10)
	at io.cucumber.core.runner.TestStep.executeStep(TestStep.java:85)
	at io.cucumber.core.runner.TestStep.run(TestStep.java:57)
	at io.cucumber.core.runner.PickleStepTestStep.run(PickleStepTestStep.java:51)
	at io.cucumber.core.runner.TestCase.run(TestCase.java:84)
	at io.cucumber.core.runner.Runner.runPickle(Runner.java:75)
	at io.cucumber.testng.TestNGCucumberRunner.lambda$runScenario$1(TestNGCucumberRunner.java:132)
	at io.cucumber.core.runtime.CucumberExecutionContext.lambda$runTestCase$5(CucumberExecutionContext.java:129)
	at io.cucumber.core.runtime.RethrowingThrowableCollector.executeAndThrow(RethrowingThrowableCollector.java:23)
	at io.cucumber.core.runtime.CucumberExecutionContext.runTestCase(CucumberExecutionContext.java:129)
	at io.cucumber.testng.TestNGCucumberRunner.runScenario(TestNGCucumberRunner.java:129)
	at io.cucumber.testng.AbstractTestNGCucumberTests.runScenario(AbstractTestNGCucumberTests.java:35)
	at java.base/jdk.internal.reflect.NativeMethodAccessorImpl.invoke0(Native Method)
	at java.base/jdk.internal.reflect.NativeMethodAccessorImpl.invoke(NativeMethodAccessorImpl.java:62)
	at java.base/jdk.internal.reflect.DelegatingMethodAccessorImpl.invoke(DelegatingMethodAccessorImpl.java:43)
	at java.base/java.lang.reflect.Method.invoke(Method.java:566)
	at org.testng.internal.invokers.MethodInvocationHelper.invokeMethod(MethodInvocationHelper.java:139)
	at org.testng.internal.invokers.TestInvoker.invokeMethod(TestInvoker.java:664)
	at org.testng.internal.invokers.TestInvoker.invokeTestMethod(TestInvoker.java:227)
	at org.testng.internal.invokers.MethodRunner.runInSequence(MethodRunner.java:50)
	at org.testng.internal.invokers.TestInvoker$MethodInvocationAgent.invoke(TestInvoker.java:957)
	at org.testng.internal.invokers.TestInvoker.invokeTestMethods(TestInvoker.java:200)
	at org.testng.internal.invokers.TestMethodWorker.invokeTestMethods(TestMethodWorker.java:148)
	at org.testng.internal.invokers.TestMethodWorker.run(TestMethodWorker.java:128)
	at java.base/java.util.concurrent.ThreadPoolExecutor.runWorker(ThreadPoolExecutor.java:1128)
	at java.base/java.util.concurrent.ThreadPoolExecutor$Worker.run(ThreadPoolExecutor.java:628)
	at java.base/java.lang.Thread.run(Thread.java:834)
&amp#27;[0m
  &amp#27;[36mGiven &amp#27;[0m&amp#27;[36mthe User clicks on Family Access Files&amp#27;[0m                                     &amp#27;[90m# parallel.AddCustomFolderSteps.the_user_clicks_on_family_access_files()&amp#27;[0m
  &amp#27;[36mWhen &amp#27;[0m&amp#27;[36mthe User clicks on Add Folder&amp#27;[0m                                               &amp#27;[90m# parallel.AddCustomFolderSteps.the_user_clicks_on_add_folder()&amp#27;[0m
  &amp#27;[36mAnd &amp#27;[0m&amp#27;[36mthe User enters the folder name into Folder name field&amp#27;[0m                       &amp#27;[90m# parallel.AddCustomFolderSteps.the_user_enters_the_folder_name_as_into()&amp#27;[0m
  &amp#27;[36mAnd &amp#27;[0m&amp#27;[36mthe User clicks on the Add button&amp#27;[0m                                            &amp#27;[90m# parallel.AddCustomFolderSteps.the_user_clicks_on_the_button()&amp#27;[0m
  &amp#27;[36mThen &amp#27;[0m&amp#27;[36mthe User should see a success popup with the message &amp#27;[0m&amp#27;[36m&amp#27;[1m"added successfully"&amp#27;[0m   &amp#27;[90m# parallel.AddCustomFolderSteps.the_user_should_see_a_success_popup_with_the_message(java.lang.String)&amp#27;[0m
  &amp#27;[36mAnd &amp#27;[0m&amp#27;[36mthe User clicks on close user guide&amp#27;[0m                                          &amp#27;[90m# parallel.AddCustomFolderSteps.the_user_clicks_on_close_user_guide()&amp#27;[0m
  &amp#27;[36mAnd &amp#27;[0m&amp#27;[36mthe User verifies the added custom folder&amp#27;[0m                                    &amp#27;[90m# parallel.AddCustomFolderSteps.the_user_verifies_the_added_custom_folder()&amp#27;[0m
  &amp#27;[36mAnd &amp#27;[0m&amp#27;[36mthe User clicks and opens the folder&amp#27;[0m                                         &amp#27;[90m# parallel.AddCustomFolderSteps.the_user_clicks_and_opens_the_folder()&amp#27;[0m
  &amp#27;[36mAnd &amp#27;[0m&amp#27;[36mUser uploads MP4 file into the that specific folder&amp#27;[0m                          &amp#27;[90m# parallel.AddCustomFolderSteps.user_uploads_MP4_into_the_that_specific_folder()&amp#27;[0m
      &amp#27;[31morg.openqa.selenium.NoSuchWindowException: no such window: target window already closed
from unknown error: web view not found
  (Session info: chrome=123.0.6312.58)
Build info: version: '4.16.1', revision: '9b4c83354e'
System info: os.name: 'Windows 11', os.arch: 'amd64', os.version: '10.0', java.version: '11.0.20'
Driver info: org.openqa.selenium.chrome.ChromeDriver
Command: [be26f74963af38ce559464d8fdc2a6ac, screenshot {}]
Capabilities {acceptInsecureCerts: false, browserName: chrome, browserVersion: 123.0.6312.58, chrome: {chromedriverVersion: 123.0.6312.58 (6b4b19e9dfbb..., userDataDir: C:\Users\Ashok\AppData\Loca...}, fedcm:accounts: true, goog:chromeOptions: {debuggerAddress: localhost:55201}, networkConnectionEnabled: false, pageLoadStrategy: normal, platformName: windows, proxy: Proxy(), se:cdp: ws://localhost:55201/devtoo..., se:cdpVersion: 123.0.6312.58, setWindowRect: true, strictFileInteractability: false, timeouts: {implicit: 0, pageLoad: 300000, script: 30000}, unhandledPromptBehavior: dismiss and notify, webauthn:extension:credBlob: true, webauthn:extension:largeBlob: true, webauthn:extension:minPinLength: true, webauthn:extension:prf: true, webauthn:virtualAuthenticators: true}
Session ID: be26f74963af38ce559464d8fdc2a6ac
	at jdk.internal.reflect.GeneratedConstructorAccessor21.newInstance(Unknown Source)
	at java.base/jdk.internal.reflect.DelegatingConstructorAccessorImpl.newInstance(DelegatingConstructorAccessorImpl.java:45)
	at java.base/java.lang.reflect.Constructor.newInstance(Constructor.java:490)
	at org.openqa.selenium.remote.codec.w3c.W3CHttpResponseCodec.createException(W3CHttpResponseCodec.java:200)
	at org.openqa.selenium.remote.codec.w3c.W3CHttpResponseCodec.decode(W3CHttpResponseCodec.java:133)
	at org.openqa.selenium.remote.codec.w3c.W3CHttpResponseCodec.decode(W3CHttpResponseCodec.java:52)
	at org.openqa.selenium.remote.HttpCommandExecutor.execute(HttpCommandExecutor.java:191)
	at org.openqa.selenium.remote.service.DriverCommandExecutor.invokeExecute(DriverCommandExecutor.java:200)
	at org.openqa.selenium.remote.service.DriverCommandExecutor.execute(DriverCommandExecutor.java:175)
	at org.openqa.selenium.remote.RemoteWebDriver.execute(RemoteWebDriver.java:523)
	at org.openqa.selenium.remote.RemoteWebDriver.execute(RemoteWebDriver.java:596)
	at org.openqa.selenium.remote.RemoteWebDriver.execute(RemoteWebDriver.java:600)
	at org.openqa.selenium.remote.RemoteWebDriver.getScreenshotAs(RemoteWebDriver.java:326)
	at AppHooks.ApplicationHooks.tearDown(ApplicationHooks.java:45)
&amp#27;[0m
]]></system-out>
  </testcase>
</testsuite>